{"/home/leo/GitHub/mdp/MP_202610_G81_E2_Front/src/constants/breeds.ts": {"path":"/home/leo/GitHub/mdp/MP_202610_G81_E2_Front/src/constants/breeds.ts","statementMap":{"0":{"start":{"line":1,"column":55},"end":{"line":147,"column":null}}},"fnMap":{},"branchMap":{},"s":{"0":1},"f":{},"b":{},"meta":{"lastBranch":0,"lastFunction":0,"lastStatement":1,"seen":{"s:1:55:147:Infinity":0}}}
,"/home/leo/GitHub/mdp/MP_202610_G81_E2_Front/src/pages/AdoptionRequestScreen.tsx": {"path":"/home/leo/GitHub/mdp/MP_202610_G81_E2_Front/src/pages/AdoptionRequestScreen.tsx","statementMap":{"0":{"start":{"line":22,"column":22},"end":{"line":22,"column":null}},"1":{"start":{"line":25,"column":8},"end":{"line":25,"column":32}},"2":{"start":{"line":28,"column":15},"end":{"line":28,"column":45}},"3":{"start":{"line":29,"column":24},"end":{"line":29,"column":58}},"4":{"start":{"line":32,"column":24},"end":{"line":32,"column":69}},"5":{"start":{"line":33,"column":18},"end":{"line":33,"column":44}},"6":{"start":{"line":34,"column":23},"end":{"line":34,"column":57}},"7":{"start":{"line":35,"column":25},"end":{"line":35,"column":58}},"8":{"start":{"line":36,"column":23},"end":{"line":36,"column":54}},"9":{"start":{"line":39,"column":20},"end":{"line":39,"column":null}},"10":{"start":{"line":42,"column":2},"end":{"line":74,"column":null}},"11":{"start":{"line":43,"column":22},"end":{"line":69,"column":null}},"12":{"start":{"line":44,"column":6},"end":{"line":69,"column":null}},"13":{"start":{"line":45,"column":8},"end":{"line":45,"column":null}},"14":{"start":{"line":46,"column":25},"end":{"line":46,"column":60}},"15":{"start":{"line":48,"column":8},"end":{"line":49,"column":null}},"16":{"start":{"line":49,"column":10},"end":{"line":49,"column":null}},"17":{"start":{"line":52,"column":21},"end":{"line":52,"column":42}},"18":{"start":{"line":55,"column":30},"end":{"line":56,"column":null}},"19":{"start":{"line":56,"column":24},"end":{"line":56,"column":null}},"20":{"start":{"line":59,"column":8},"end":{"line":59,"column":null}},"21":{"start":{"line":62,"column":8},"end":{"line":63,"column":null}},"22":{"start":{"line":63,"column":10},"end":{"line":63,"column":null}},"23":{"start":{"line":66,"column":8},"end":{"line":66,"column":null}},"24":{"start":{"line":67,"column":8},"end":{"line":67,"column":null}},"25":{"start":{"line":69,"column":8},"end":{"line":69,"column":null}},"26":{"start":{"line":73,"column":4},"end":{"line":73,"column":null}},"27":{"start":{"line":77,"column":8},"end":{"line":79,"column":null}},"28":{"start":{"line":78,"column":10},"end":{"line":78,"column":54}},"29":{"start":{"line":78,"column":29},"end":{"line":78,"column":54}},"30":{"start":{"line":82,"column":16},"end":{"line":82,"column":54}},"31":{"start":{"line":85,"column":23},"end":{"line":132,"column":null}},"32":{"start":{"line":86,"column":4},"end":{"line":86,"column":null}},"33":{"start":{"line":88,"column":4},"end":{"line":88,"column":null}},"34":{"start":{"line":89,"column":4},"end":{"line":89,"column":null}},"35":{"start":{"line":91,"column":4},"end":{"line":93,"column":null}},"36":{"start":{"line":92,"column":6},"end":{"line":92,"column":null}},"37":{"start":{"line":93,"column":6},"end":{"line":93,"column":null}},"38":{"start":{"line":96,"column":4},"end":{"line":98,"column":null}},"39":{"start":{"line":97,"column":6},"end":{"line":97,"column":null}},"40":{"start":{"line":98,"column":6},"end":{"line":98,"column":null}},"41":{"start":{"line":101,"column":4},"end":{"line":132,"column":null}},"42":{"start":{"line":102,"column":6},"end":{"line":102,"column":null}},"43":{"start":{"line":104,"column":23},"end":{"line":115,"column":8}},"44":{"start":{"line":117,"column":6},"end":{"line":118,"column":null}},"45":{"start":{"line":118,"column":8},"end":{"line":118,"column":null}},"46":{"start":{"line":121,"column":6},"end":{"line":121,"column":null}},"47":{"start":{"line":122,"column":6},"end":{"line":122,"column":null}},"48":{"start":{"line":126,"column":6},"end":{"line":130,"column":null}},"49":{"start":{"line":132,"column":6},"end":{"line":132,"column":null}},"50":{"start":{"line":136,"column":8},"end":{"line":149,"column":null}},"51":{"start":{"line":137,"column":4},"end":{"line":138,"column":null}},"52":{"start":{"line":138,"column":6},"end":{"line":138,"column":null}},"53":{"start":{"line":141,"column":4},"end":{"line":142,"column":null}},"54":{"start":{"line":142,"column":6},"end":{"line":142,"column":null}},"55":{"start":{"line":145,"column":4},"end":{"line":149,"column":null}},"56":{"start":{"line":146,"column":6},"end":{"line":148,"column":null}},"57":{"start":{"line":152,"column":2},"end":{"line":292,"column":null}},"58":{"start":{"line":215,"column":37},"end":{"line":215,"column":81}},"59":{"start":{"line":243,"column":37},"end":{"line":243,"column":67}},"60":{"start":{"line":257,"column":33},"end":{"line":257,"column":62}}},"fnMap":{"0":{"name":"AdoptionRequestScreen","decl":{"start":{"line":24,"column":24},"end":{"line":24,"column":48}},"loc":{"start":{"line":24,"column":48},"end":{"line":292,"column":null}},"line":24},"1":{"name":"(anonymous_1)","decl":{"start":{"line":42,"column":2},"end":{"line":42,"column":18}},"loc":{"start":{"line":42,"column":18},"end":{"line":74,"column":7}},"line":42},"2":{"name":"(anonymous_2)","decl":{"start":{"line":43,"column":22},"end":{"line":43,"column":34}},"loc":{"start":{"line":43,"column":34},"end":{"line":69,"column":null}},"line":43},"3":{"name":"(anonymous_3)","decl":{"start":{"line":55,"column":35},"end":{"line":55,"column":null}},"loc":{"start":{"line":56,"column":24},"end":{"line":56,"column":null}},"line":56},"4":{"name":"(anonymous_4)","decl":{"start":{"line":77,"column":22},"end":{"line":77,"column":null}},"loc":{"start":{"line":78,"column":10},"end":{"line":78,"column":54}},"line":78},"5":{"name":"(anonymous_5)","decl":{"start":{"line":78,"column":15},"end":{"line":78,"column":21}},"loc":{"start":{"line":78,"column":29},"end":{"line":78,"column":54}},"line":78},"6":{"name":"(anonymous_6)","decl":{"start":{"line":85,"column":23},"end":{"line":85,"column":30}},"loc":{"start":{"line":85,"column":74},"end":{"line":132,"column":null}},"line":85},"7":{"name":"(anonymous_7)","decl":{"start":{"line":136,"column":8},"end":{"line":136,"column":33}},"loc":{"start":{"line":136,"column":33},"end":{"line":149,"column":null}},"line":136},"8":{"name":"(anonymous_8)","decl":{"start":{"line":145,"column":16},"end":{"line":145,"column":21}},"loc":{"start":{"line":146,"column":6},"end":{"line":148,"column":null}},"line":146},"9":{"name":"(anonymous_9)","decl":{"start":{"line":215,"column":16},"end":{"line":215,"column":27}},"loc":{"start":{"line":215,"column":37},"end":{"line":215,"column":81}},"line":215},"10":{"name":"(anonymous_10)","decl":{"start":{"line":243,"column":16},"end":{"line":243,"column":27}},"loc":{"start":{"line":243,"column":37},"end":{"line":243,"column":67}},"line":243},"11":{"name":"(anonymous_11)","decl":{"start":{"line":257,"column":18},"end":{"line":257,"column":33}},"loc":{"start":{"line":257,"column":33},"end":{"line":257,"column":62}},"line":257}},"branchMap":{"0":{"loc":{"start":{"line":22,"column":22},"end":{"line":22,"column":null}},"type":"binary-expr","locations":[{"start":{"line":22,"column":22},"end":{"line":22,"column":62}},{"start":{"line":22,"column":62},"end":{"line":22,"column":null}}],"line":22},"1":{"loc":{"start":{"line":48,"column":8},"end":{"line":49,"column":null}},"type":"if","locations":[{"start":{"line":48,"column":8},"end":{"line":49,"column":null}},{"start":{},"end":{}}],"line":48},"2":{"loc":{"start":{"line":56,"column":24},"end":{"line":56,"column":null}},"type":"binary-expr","locations":[{"start":{"line":56,"column":24},"end":{"line":56,"column":54}},{"start":{"line":56,"column":54},"end":{"line":56,"column":null}}],"line":56},"3":{"loc":{"start":{"line":62,"column":8},"end":{"line":63,"column":null}},"type":"if","locations":[{"start":{"line":62,"column":8},"end":{"line":63,"column":null}},{"start":{},"end":{}}],"line":62},"4":{"loc":{"start":{"line":91,"column":4},"end":{"line":93,"column":null}},"type":"if","locations":[{"start":{"line":91,"column":4},"end":{"line":93,"column":null}},{"start":{},"end":{}}],"line":91},"5":{"loc":{"start":{"line":91,"column":8},"end":{"line":91,"column":46}},"type":"binary-expr","locations":[{"start":{"line":91,"column":8},"end":{"line":91,"column":24}},{"start":{"line":91,"column":24},"end":{"line":91,"column":46}}],"line":91},"6":{"loc":{"start":{"line":96,"column":4},"end":{"line":98,"column":null}},"type":"if","locations":[{"start":{"line":96,"column":4},"end":{"line":98,"column":null}},{"start":{},"end":{}}],"line":96},"7":{"loc":{"start":{"line":117,"column":6},"end":{"line":118,"column":null}},"type":"if","locations":[{"start":{"line":117,"column":6},"end":{"line":118,"column":null}},{"start":{},"end":{}}],"line":117},"8":{"loc":{"start":{"line":127,"column":8},"end":{"line":129,"column":null}},"type":"cond-expr","locations":[{"start":{"line":128,"column":12},"end":{"line":128,"column":null}},{"start":{"line":129,"column":12},"end":{"line":129,"column":null}}],"line":127},"9":{"loc":{"start":{"line":137,"column":4},"end":{"line":138,"column":null}},"type":"if","locations":[{"start":{"line":137,"column":4},"end":{"line":138,"column":null}},{"start":{},"end":{}}],"line":137},"10":{"loc":{"start":{"line":141,"column":4},"end":{"line":142,"column":null}},"type":"if","locations":[{"start":{"line":141,"column":4},"end":{"line":142,"column":null}},{"start":{},"end":{}}],"line":141},"11":{"loc":{"start":{"line":147,"column":22},"end":{"line":147,"column":null}},"type":"binary-expr","locations":[{"start":{"line":147,"column":22},"end":{"line":147,"column":35}},{"start":{"line":147,"column":35},"end":{"line":147,"column":null}}],"line":147},"12":{"loc":{"start":{"line":172,"column":15},"end":{"line":172,"column":null}},"type":"cond-expr","locations":[{"start":{"line":172,"column":31},"end":{"line":172,"column":47}},{"start":{"line":172,"column":47},"end":{"line":172,"column":null}}],"line":172},"13":{"loc":{"start":{"line":172,"column":47},"end":{"line":172,"column":null}},"type":"binary-expr","locations":[{"start":{"line":172,"column":47},"end":{"line":172,"column":68}},{"start":{"line":172,"column":68},"end":{"line":172,"column":null}}],"line":172},"14":{"loc":{"start":{"line":178,"column":49},"end":{"line":178,"column":82}},"type":"binary-expr","locations":[{"start":{"line":178,"column":49},"end":{"line":178,"column":71}},{"start":{"line":178,"column":71},"end":{"line":178,"column":82}}],"line":178},"15":{"loc":{"start":{"line":183,"column":49},"end":{"line":183,"column":105}},"type":"binary-expr","locations":[{"start":{"line":183,"column":49},"end":{"line":183,"column":69}},{"start":{"line":183,"column":69},"end":{"line":183,"column":94}},{"start":{"line":183,"column":94},"end":{"line":183,"column":105}}],"line":183},"16":{"loc":{"start":{"line":187,"column":49},"end":{"line":187,"column":81}},"type":"binary-expr","locations":[{"start":{"line":187,"column":49},"end":{"line":187,"column":70}},{"start":{"line":187,"column":70},"end":{"line":187,"column":81}}],"line":187},"17":{"loc":{"start":{"line":191,"column":60},"end":{"line":191,"column":109}},"type":"binary-expr","locations":[{"start":{"line":191,"column":60},"end":{"line":191,"column":84}},{"start":{"line":191,"column":84},"end":{"line":191,"column":109}}],"line":191},"18":{"loc":{"start":{"line":195,"column":17},"end":{"line":198,"column":null}},"type":"cond-expr","locations":[{"start":{"line":196,"column":18},"end":{"line":198,"column":19}},{"start":{"line":198,"column":18},"end":{"line":198,"column":null}}],"line":195},"19":{"loc":{"start":{"line":216,"column":26},"end":{"line":216,"column":null}},"type":"binary-expr","locations":[{"start":{"line":216,"column":26},"end":{"line":216,"column":43}},{"start":{"line":216,"column":43},"end":{"line":216,"column":null}}],"line":216},"20":{"loc":{"start":{"line":249,"column":13},"end":{"line":261,"column":null}},"type":"binary-expr","locations":[{"start":{"line":249,"column":13},"end":{"line":249,"column":null}},{"start":{"line":250,"column":14},"end":{"line":261,"column":null}}],"line":249},"21":{"loc":{"start":{"line":265,"column":13},"end":{"line":268,"column":null}},"type":"binary-expr","locations":[{"start":{"line":265,"column":13},"end":{"line":265,"column":null}},{"start":{"line":266,"column":14},"end":{"line":268,"column":null}}],"line":265},"22":{"loc":{"start":{"line":276,"column":26},"end":{"line":276,"column":null}},"type":"binary-expr","locations":[{"start":{"line":276,"column":26},"end":{"line":276,"column":42}},{"start":{"line":276,"column":42},"end":{"line":276,"column":null}}],"line":276},"23":{"loc":{"start":{"line":279,"column":17},"end":{"line":279,"column":null}},"type":"cond-expr","locations":[{"start":{"line":279,"column":32},"end":{"line":279,"column":58}},{"start":{"line":279,"column":58},"end":{"line":279,"column":null}}],"line":279}},"s":{"0":1,"1":29,"2":29,"3":29,"4":29,"5":29,"6":29,"7":29,"8":29,"9":29,"10":29,"11":3,"12":3,"13":3,"14":3,"15":3,"16":0,"17":3,"18":3,"19":2,"20":3,"21":3,"22":2,"23":0,"24":0,"25":3,"26":3,"27":29,"28":5,"29":2,"30":29,"31":29,"32":2,"33":2,"34":2,"35":2,"36":0,"37":0,"38":2,"39":1,"40":1,"41":1,"42":1,"43":1,"44":1,"45":0,"46":1,"47":1,"48":0,"49":1,"50":29,"51":29,"52":3,"53":26,"54":0,"55":26,"56":26,"57":29,"58":0,"59":21,"60":0},"f":{"0":29,"1":3,"2":3,"3":2,"4":5,"5":2,"6":2,"7":29,"8":26,"9":0,"10":21,"11":0},"b":{"0":[1,0],"1":[0,3],"2":[2,0],"3":[2,1],"4":[0,2],"5":[2,2],"6":[1,1],"7":[0,1],"8":[0,0],"9":[3,26],"10":[0,26],"11":[26,2],"12":[3,26],"13":[26,0],"14":[29,5],"15":[29,29,29],"16":[29,5],"17":[29,29],"18":[26,3],"19":[29,26],"20":[29,1],"21":[29,1],"22":[29,28],"23":[1,28]},"meta":{"lastBranch":24,"lastFunction":12,"lastStatement":61,"seen":{"s:22:22:22:Infinity":0,"b:22:22:22:62:22:62:22:Infinity":0,"f:24:24:24:48":0,"s:25:8:25:32":1,"s:28:15:28:45":2,"s:29:24:29:58":3,"s:32:24:32:69":4,"s:33:18:33:44":5,"s:34:23:34:57":6,"s:35:25:35:58":7,"s:36:23:36:54":8,"s:39:20:39:Infinity":9,"s:42:2:74:Infinity":10,"f:42:2:42:18":1,"s:43:22:69:Infinity":11,"f:43:22:43:34":2,"s:44:6:69:Infinity":12,"s:45:8:45:Infinity":13,"s:46:25:46:60":14,"b:48:8:49:Infinity:undefined:undefined:undefined:undefined":1,"s:48:8:49:Infinity":15,"s:49:10:49:Infinity":16,"s:52:21:52:42":17,"s:55:30:56:Infinity":18,"f:55:35:55:Infinity":3,"s:56:24:56:Infinity":19,"b:56:24:56:54:56:54:56:Infinity":2,"s:59:8:59:Infinity":20,"b:62:8:63:Infinity:undefined:undefined:undefined:undefined":3,"s:62:8:63:Infinity":21,"s:63:10:63:Infinity":22,"s:66:8:66:Infinity":23,"s:67:8:67:Infinity":24,"s:69:8:69:Infinity":25,"s:73:4:73:Infinity":26,"s:77:8:79:Infinity":27,"f:77:22:77:Infinity":4,"s:78:10:78:54":28,"f:78:15:78:21":5,"s:78:29:78:54":29,"s:82:16:82:54":30,"s:85:23:132:Infinity":31,"f:85:23:85:30":6,"s:86:4:86:Infinity":32,"s:88:4:88:Infinity":33,"s:89:4:89:Infinity":34,"b:91:4:93:Infinity:undefined:undefined:undefined:undefined":4,"s:91:4:93:Infinity":35,"b:91:8:91:24:91:24:91:46":5,"s:92:6:92:Infinity":36,"s:93:6:93:Infinity":37,"b:96:4:98:Infinity:undefined:undefined:undefined:undefined":6,"s:96:4:98:Infinity":38,"s:97:6:97:Infinity":39,"s:98:6:98:Infinity":40,"s:101:4:132:Infinity":41,"s:102:6:102:Infinity":42,"s:104:23:115:8":43,"b:117:6:118:Infinity:undefined:undefined:undefined:undefined":7,"s:117:6:118:Infinity":44,"s:118:8:118:Infinity":45,"s:121:6:121:Infinity":46,"s:122:6:122:Infinity":47,"s:126:6:130:Infinity":48,"b:128:12:128:Infinity:129:12:129:Infinity":8,"s:132:6:132:Infinity":49,"s:136:8:149:Infinity":50,"f:136:8:136:33":7,"b:137:4:138:Infinity:undefined:undefined:undefined:undefined":9,"s:137:4:138:Infinity":51,"s:138:6:138:Infinity":52,"b:141:4:142:Infinity:undefined:undefined:undefined:undefined":10,"s:141:4:142:Infinity":53,"s:142:6:142:Infinity":54,"s:145:4:149:Infinity":55,"f:145:16:145:21":8,"s:146:6:148:Infinity":56,"b:147:22:147:35:147:35:147:Infinity":11,"s:152:2:292:Infinity":57,"b:172:31:172:47:172:47:172:Infinity":12,"b:172:47:172:68:172:68:172:Infinity":13,"b:178:49:178:71:178:71:178:82":14,"b:183:49:183:69:183:69:183:94:183:94:183:105":15,"b:187:49:187:70:187:70:187:81":16,"b:191:60:191:84:191:84:191:109":17,"b:196:18:198:19:198:18:198:Infinity":18,"f:215:16:215:27":9,"s:215:37:215:81":58,"b:216:26:216:43:216:43:216:Infinity":19,"f:243:16:243:27":10,"s:243:37:243:67":59,"b:249:13:249:Infinity:250:14:261:Infinity":20,"f:257:18:257:33":11,"s:257:33:257:62":60,"b:265:13:265:Infinity:266:14:268:Infinity":21,"b:276:26:276:42:276:42:276:Infinity":22,"b:279:32:279:58:279:58:279:Infinity":23}}}
,"/home/leo/GitHub/mdp/MP_202610_G81_E2_Front/src/pages/CreatePetScreen.tsx": {"path":"/home/leo/GitHub/mdp/MP_202610_G81_E2_Front/src/pages/CreatePetScreen.tsx","statementMap":{"0":{"start":{"line":24,"column":8},"end":{"line":24,"column":32}},"1":{"start":{"line":27,"column":19},"end":{"line":42,"column":4}},"2":{"start":{"line":45,"column":17},"end":{"line":45,"column":66}},"3":{"start":{"line":46,"column":20},"end":{"line":46,"column":60}},"4":{"start":{"line":49,"column":8},"end":{"line":74,"column":null}},"5":{"start":{"line":52,"column":32},"end":{"line":52,"column":null}},"6":{"start":{"line":55,"column":23},"end":{"line":55,"column":null}},"7":{"start":{"line":56,"column":16},"end":{"line":56,"column":null}},"8":{"start":{"line":58,"column":4},"end":{"line":71,"column":null}},"9":{"start":{"line":59,"column":22},"end":{"line":59,"column":null}},"10":{"start":{"line":61,"column":6},"end":{"line":64,"column":null}},"11":{"start":{"line":62,"column":8},"end":{"line":62,"column":null}},"12":{"start":{"line":63,"column":8},"end":{"line":63,"column":null}},"13":{"start":{"line":64,"column":8},"end":{"line":64,"column":null}},"14":{"start":{"line":67,"column":6},"end":{"line":68,"column":null}},"15":{"start":{"line":68,"column":8},"end":{"line":68,"column":null}},"16":{"start":{"line":70,"column":6},"end":{"line":70,"column":null}},"17":{"start":{"line":73,"column":4},"end":{"line":74,"column":null}},"18":{"start":{"line":74,"column":6},"end":{"line":74,"column":null}},"19":{"start":{"line":74,"column":27},"end":{"line":74,"column":50}},"20":{"start":{"line":79,"column":23},"end":{"line":138,"column":null}},"21":{"start":{"line":80,"column":4},"end":{"line":80,"column":null}},"22":{"start":{"line":81,"column":46},"end":{"line":81,"column":48}},"23":{"start":{"line":83,"column":4},"end":{"line":83,"column":null}},"24":{"start":{"line":83,"column":24},"end":{"line":83,"column":null}},"25":{"start":{"line":84,"column":4},"end":{"line":84,"column":null}},"26":{"start":{"line":84,"column":27},"end":{"line":84,"column":null}},"27":{"start":{"line":85,"column":4},"end":{"line":85,"column":null}},"28":{"start":{"line":85,"column":65},"end":{"line":85,"column":null}},"29":{"start":{"line":87,"column":4},"end":{"line":87,"column":null}},"30":{"start":{"line":87,"column":24},"end":{"line":87,"column":null}},"31":{"start":{"line":88,"column":4},"end":{"line":88,"column":null}},"32":{"start":{"line":88,"column":23},"end":{"line":88,"column":null}},"33":{"start":{"line":89,"column":4},"end":{"line":89,"column":null}},"34":{"start":{"line":89,"column":31},"end":{"line":89,"column":null}},"35":{"start":{"line":91,"column":4},"end":{"line":91,"column":null}},"36":{"start":{"line":91,"column":57},"end":{"line":91,"column":null}},"37":{"start":{"line":92,"column":4},"end":{"line":93,"column":null}},"38":{"start":{"line":93,"column":6},"end":{"line":93,"column":null}},"39":{"start":{"line":96,"column":4},"end":{"line":96,"column":null}},"40":{"start":{"line":96,"column":28},"end":{"line":96,"column":null}},"41":{"start":{"line":97,"column":4},"end":{"line":97,"column":null}},"42":{"start":{"line":97,"column":33},"end":{"line":97,"column":null}},"43":{"start":{"line":99,"column":4},"end":{"line":101,"column":null}},"44":{"start":{"line":100,"column":6},"end":{"line":100,"column":null}},"45":{"start":{"line":101,"column":6},"end":{"line":101,"column":null}},"46":{"start":{"line":104,"column":4},"end":{"line":138,"column":null}},"47":{"start":{"line":105,"column":29},"end":{"line":105,"column":null}},"48":{"start":{"line":106,"column":28},"end":{"line":106,"column":null}},"49":{"start":{"line":108,"column":22},"end":{"line":121,"column":null}},"50":{"start":{"line":123,"column":23},"end":{"line":127,"column":8}},"51":{"start":{"line":129,"column":6},"end":{"line":134,"column":null}},"52":{"start":{"line":130,"column":8},"end":{"line":130,"column":null}},"53":{"start":{"line":132,"column":26},"end":{"line":132,"column":65}},"54":{"start":{"line":132,"column":61},"end":{"line":132,"column":63}},"55":{"start":{"line":133,"column":8},"end":{"line":133,"column":null}},"56":{"start":{"line":134,"column":8},"end":{"line":134,"column":null}},"57":{"start":{"line":137,"column":6},"end":{"line":137,"column":null}},"58":{"start":{"line":138,"column":6},"end":{"line":138,"column":null}},"59":{"start":{"line":142,"column":2},"end":{"line":467,"column":null}},"60":{"start":{"line":147,"column":27},"end":{"line":147,"column":39}},"61":{"start":{"line":169,"column":29},"end":{"line":169,"column":42}},"62":{"start":{"line":330,"column":24},"end":{"line":330,"column":null}},"63":{"start":{"line":451,"column":33},"end":{"line":451,"column":45}}},"fnMap":{"0":{"name":"CreatePetScreen","decl":{"start":{"line":23,"column":16},"end":{"line":23,"column":34}},"loc":{"start":{"line":23,"column":34},"end":{"line":467,"column":null}},"line":23},"1":{"name":"(anonymous_1)","decl":{"start":{"line":49,"column":8},"end":{"line":49,"column":null}},"loc":{"start":{"line":51,"column":7},"end":{"line":74,"column":null}},"line":51},"2":{"name":"(anonymous_2)","decl":{"start":{"line":58,"column":4},"end":{"line":58,"column":17}},"loc":{"start":{"line":58,"column":26},"end":{"line":71,"column":null}},"line":58},"3":{"name":"(anonymous_3)","decl":{"start":{"line":74,"column":6},"end":{"line":74,"column":17}},"loc":{"start":{"line":74,"column":27},"end":{"line":74,"column":50}},"line":74},"4":{"name":"(anonymous_4)","decl":{"start":{"line":79,"column":23},"end":{"line":79,"column":30}},"loc":{"start":{"line":79,"column":70},"end":{"line":138,"column":null}},"line":79},"5":{"name":"(anonymous_5)","decl":{"start":{"line":132,"column":48},"end":{"line":132,"column":61}},"loc":{"start":{"line":132,"column":61},"end":{"line":132,"column":63}},"line":132},"6":{"name":"(anonymous_6)","decl":{"start":{"line":147,"column":12},"end":{"line":147,"column":27}},"loc":{"start":{"line":147,"column":27},"end":{"line":147,"column":39}},"line":147},"7":{"name":"(anonymous_7)","decl":{"start":{"line":169,"column":14},"end":{"line":169,"column":29}},"loc":{"start":{"line":169,"column":29},"end":{"line":169,"column":42}},"line":169},"8":{"name":"(anonymous_8)","decl":{"start":{"line":329,"column":76},"end":{"line":329,"column":80}},"loc":{"start":{"line":330,"column":24},"end":{"line":330,"column":null}},"line":330},"9":{"name":"(anonymous_9)","decl":{"start":{"line":451,"column":18},"end":{"line":451,"column":33}},"loc":{"start":{"line":451,"column":33},"end":{"line":451,"column":45}},"line":451}},"branchMap":{"0":{"loc":{"start":{"line":56,"column":16},"end":{"line":56,"column":null}},"type":"cond-expr","locations":[{"start":{"line":56,"column":30},"end":{"line":56,"column":70}},{"start":{"line":56,"column":70},"end":{"line":56,"column":null}}],"line":56},"1":{"loc":{"start":{"line":61,"column":6},"end":{"line":64,"column":null}},"type":"if","locations":[{"start":{"line":61,"column":6},"end":{"line":64,"column":null}},{"start":{},"end":{}}],"line":61},"2":{"loc":{"start":{"line":67,"column":6},"end":{"line":68,"column":null}},"type":"if","locations":[{"start":{"line":67,"column":6},"end":{"line":68,"column":null}},{"start":{},"end":{}}],"line":67},"3":{"loc":{"start":{"line":73,"column":4},"end":{"line":74,"column":null}},"type":"if","locations":[{"start":{"line":73,"column":4},"end":{"line":74,"column":null}},{"start":{},"end":{}}],"line":73},"4":{"loc":{"start":{"line":83,"column":4},"end":{"line":83,"column":null}},"type":"if","locations":[{"start":{"line":83,"column":4},"end":{"line":83,"column":null}},{"start":{},"end":{}}],"line":83},"5":{"loc":{"start":{"line":84,"column":4},"end":{"line":84,"column":null}},"type":"if","locations":[{"start":{"line":84,"column":4},"end":{"line":84,"column":null}},{"start":{},"end":{}}],"line":84},"6":{"loc":{"start":{"line":85,"column":4},"end":{"line":85,"column":null}},"type":"if","locations":[{"start":{"line":85,"column":4},"end":{"line":85,"column":null}},{"start":{},"end":{}}],"line":85},"7":{"loc":{"start":{"line":85,"column":8},"end":{"line":85,"column":65}},"type":"binary-expr","locations":[{"start":{"line":85,"column":8},"end":{"line":85,"column":40}},{"start":{"line":85,"column":40},"end":{"line":85,"column":65}}],"line":85},"8":{"loc":{"start":{"line":87,"column":4},"end":{"line":87,"column":null}},"type":"if","locations":[{"start":{"line":87,"column":4},"end":{"line":87,"column":null}},{"start":{},"end":{}}],"line":87},"9":{"loc":{"start":{"line":88,"column":4},"end":{"line":88,"column":null}},"type":"if","locations":[{"start":{"line":88,"column":4},"end":{"line":88,"column":null}},{"start":{},"end":{}}],"line":88},"10":{"loc":{"start":{"line":89,"column":4},"end":{"line":89,"column":null}},"type":"if","locations":[{"start":{"line":89,"column":4},"end":{"line":89,"column":null}},{"start":{},"end":{}}],"line":89},"11":{"loc":{"start":{"line":91,"column":4},"end":{"line":91,"column":null}},"type":"if","locations":[{"start":{"line":91,"column":4},"end":{"line":91,"column":null}},{"start":{},"end":{}}],"line":91},"12":{"loc":{"start":{"line":91,"column":8},"end":{"line":91,"column":57}},"type":"binary-expr","locations":[{"start":{"line":91,"column":8},"end":{"line":91,"column":40}},{"start":{"line":91,"column":40},"end":{"line":91,"column":57}}],"line":91},"13":{"loc":{"start":{"line":92,"column":4},"end":{"line":93,"column":null}},"type":"if","locations":[{"start":{"line":92,"column":4},"end":{"line":93,"column":null}},{"start":{},"end":{}}],"line":92},"14":{"loc":{"start":{"line":92,"column":4},"end":{"line":92,"column":94}},"type":"binary-expr","locations":[{"start":{"line":92,"column":9},"end":{"line":92,"column":41}},{"start":{"line":92,"column":41},"end":{"line":92,"column":71}},{"start":{"line":92,"column":71},"end":{"line":92,"column":94}}],"line":92},"15":{"loc":{"start":{"line":96,"column":4},"end":{"line":96,"column":null}},"type":"if","locations":[{"start":{"line":96,"column":4},"end":{"line":96,"column":null}},{"start":{},"end":{}}],"line":96},"16":{"loc":{"start":{"line":97,"column":4},"end":{"line":97,"column":null}},"type":"if","locations":[{"start":{"line":97,"column":4},"end":{"line":97,"column":null}},{"start":{},"end":{}}],"line":97},"17":{"loc":{"start":{"line":99,"column":4},"end":{"line":101,"column":null}},"type":"if","locations":[{"start":{"line":99,"column":4},"end":{"line":101,"column":null}},{"start":{},"end":{}}],"line":99},"18":{"loc":{"start":{"line":105,"column":29},"end":{"line":105,"column":null}},"type":"cond-expr","locations":[{"start":{"line":105,"column":60},"end":{"line":105,"column":85}},{"start":{"line":105,"column":85},"end":{"line":105,"column":null}}],"line":105},"19":{"loc":{"start":{"line":106,"column":28},"end":{"line":106,"column":null}},"type":"cond-expr","locations":[{"start":{"line":106,"column":89},"end":{"line":106,"column":112}},{"start":{"line":106,"column":112},"end":{"line":106,"column":null}}],"line":106},"20":{"loc":{"start":{"line":106,"column":28},"end":{"line":106,"column":89}},"type":"binary-expr","locations":[{"start":{"line":106,"column":28},"end":{"line":106,"column":60}},{"start":{"line":106,"column":60},"end":{"line":106,"column":89}}],"line":106},"21":{"loc":{"start":{"line":123,"column":39},"end":{"line":123,"column":107}},"type":"binary-expr","locations":[{"start":{"line":123,"column":39},"end":{"line":123,"column":79}},{"start":{"line":123,"column":79},"end":{"line":123,"column":107}}],"line":123},"22":{"loc":{"start":{"line":129,"column":6},"end":{"line":134,"column":null}},"type":"if","locations":[{"start":{"line":129,"column":6},"end":{"line":134,"column":null}},{"start":{"line":131,"column":13},"end":{"line":134,"column":null}}],"line":129},"23":{"loc":{"start":{"line":158,"column":9},"end":{"line":465,"column":null}},"type":"cond-expr","locations":[{"start":{"line":159,"column":10},"end":{"line":176,"column":11}},{"start":{"line":176,"column":10},"end":{"line":465,"column":null}}],"line":158},"24":{"loc":{"start":{"line":191,"column":20},"end":{"line":191,"column":null}},"type":"cond-expr","locations":[{"start":{"line":191,"column":34},"end":{"line":191,"column":63}},{"start":{"line":191,"column":63},"end":{"line":191,"column":null}}],"line":191},"25":{"loc":{"start":{"line":195,"column":17},"end":{"line":195,"column":null}},"type":"binary-expr","locations":[{"start":{"line":195,"column":17},"end":{"line":195,"column":32}},{"start":{"line":195,"column":32},"end":{"line":195,"column":null}}],"line":195},"26":{"loc":{"start":{"line":208,"column":22},"end":{"line":208,"column":null}},"type":"cond-expr","locations":[{"start":{"line":208,"column":39},"end":{"line":208,"column":68}},{"start":{"line":208,"column":68},"end":{"line":208,"column":null}}],"line":208},"27":{"loc":{"start":{"line":216,"column":19},"end":{"line":216,"column":null}},"type":"binary-expr","locations":[{"start":{"line":216,"column":19},"end":{"line":216,"column":37}},{"start":{"line":216,"column":37},"end":{"line":216,"column":null}}],"line":216},"28":{"loc":{"start":{"line":218,"column":19},"end":{"line":233,"column":null}},"type":"binary-expr","locations":[{"start":{"line":218,"column":19},"end":{"line":218,"column":null}},{"start":{"line":219,"column":20},"end":{"line":233,"column":null}}],"line":218},"29":{"loc":{"start":{"line":229,"column":26},"end":{"line":229,"column":null}},"type":"cond-expr","locations":[{"start":{"line":229,"column":49},"end":{"line":229,"column":78}},{"start":{"line":229,"column":78},"end":{"line":229,"column":null}}],"line":229},"30":{"loc":{"start":{"line":233,"column":23},"end":{"line":233,"column":null}},"type":"binary-expr","locations":[{"start":{"line":233,"column":23},"end":{"line":233,"column":47}},{"start":{"line":233,"column":47},"end":{"line":233,"column":null}}],"line":233},"31":{"loc":{"start":{"line":248,"column":20},"end":{"line":248,"column":null}},"type":"cond-expr","locations":[{"start":{"line":248,"column":34},"end":{"line":248,"column":63}},{"start":{"line":248,"column":63},"end":{"line":248,"column":null}}],"line":248},"32":{"loc":{"start":{"line":256,"column":17},"end":{"line":256,"column":null}},"type":"binary-expr","locations":[{"start":{"line":256,"column":17},"end":{"line":256,"column":32}},{"start":{"line":256,"column":32},"end":{"line":256,"column":null}}],"line":256},"33":{"loc":{"start":{"line":268,"column":20},"end":{"line":268,"column":null}},"type":"cond-expr","locations":[{"start":{"line":268,"column":33},"end":{"line":268,"column":62}},{"start":{"line":268,"column":62},"end":{"line":268,"column":null}}],"line":268},"34":{"loc":{"start":{"line":275,"column":17},"end":{"line":275,"column":null}},"type":"binary-expr","locations":[{"start":{"line":275,"column":17},"end":{"line":275,"column":31}},{"start":{"line":275,"column":31},"end":{"line":275,"column":null}}],"line":275},"35":{"loc":{"start":{"line":287,"column":20},"end":{"line":287,"column":null}},"type":"cond-expr","locations":[{"start":{"line":287,"column":41},"end":{"line":287,"column":70}},{"start":{"line":287,"column":70},"end":{"line":287,"column":null}}],"line":287},"36":{"loc":{"start":{"line":296,"column":17},"end":{"line":296,"column":null}},"type":"binary-expr","locations":[{"start":{"line":296,"column":17},"end":{"line":296,"column":39}},{"start":{"line":296,"column":39},"end":{"line":296,"column":null}}],"line":296},"37":{"loc":{"start":{"line":303,"column":17},"end":{"line":356,"column":null}},"type":"cond-expr","locations":[{"start":{"line":304,"column":18},"end":{"line":316,"column":null}},{"start":{"line":318,"column":18},"end":{"line":356,"column":null}}],"line":303},"38":{"loc":{"start":{"line":311,"column":24},"end":{"line":311,"column":null}},"type":"cond-expr","locations":[{"start":{"line":311,"column":45},"end":{"line":311,"column":74}},{"start":{"line":311,"column":74},"end":{"line":311,"column":null}}],"line":311},"39":{"loc":{"start":{"line":315,"column":21},"end":{"line":316,"column":null}},"type":"binary-expr","locations":[{"start":{"line":315,"column":21},"end":{"line":315,"column":43}},{"start":{"line":315,"column":43},"end":{"line":316,"column":null}}],"line":315},"40":{"loc":{"start":{"line":325,"column":24},"end":{"line":325,"column":null}},"type":"cond-expr","locations":[{"start":{"line":325,"column":39},"end":{"line":325,"column":68}},{"start":{"line":325,"column":68},"end":{"line":325,"column":null}}],"line":325},"41":{"loc":{"start":{"line":329,"column":23},"end":{"line":330,"column":null}},"type":"binary-expr","locations":[{"start":{"line":329,"column":23},"end":{"line":329,"column":43}},{"start":{"line":329,"column":43},"end":{"line":330,"column":null}}],"line":329},"42":{"loc":{"start":{"line":333,"column":21},"end":{"line":333,"column":null}},"type":"binary-expr","locations":[{"start":{"line":333,"column":21},"end":{"line":333,"column":37}},{"start":{"line":333,"column":37},"end":{"line":333,"column":null}}],"line":333},"43":{"loc":{"start":{"line":334,"column":21},"end":{"line":334,"column":null}},"type":"binary-expr","locations":[{"start":{"line":334,"column":21},"end":{"line":334,"column":42}},{"start":{"line":334,"column":42},"end":{"line":334,"column":null}}],"line":334},"44":{"loc":{"start":{"line":336,"column":21},"end":{"line":351,"column":null}},"type":"binary-expr","locations":[{"start":{"line":336,"column":21},"end":{"line":336,"column":null}},{"start":{"line":337,"column":22},"end":{"line":351,"column":null}}],"line":336},"45":{"loc":{"start":{"line":347,"column":28},"end":{"line":347,"column":null}},"type":"cond-expr","locations":[{"start":{"line":347,"column":49},"end":{"line":347,"column":78}},{"start":{"line":347,"column":78},"end":{"line":347,"column":null}}],"line":347},"46":{"loc":{"start":{"line":351,"column":25},"end":{"line":351,"column":null}},"type":"binary-expr","locations":[{"start":{"line":351,"column":25},"end":{"line":351,"column":47}},{"start":{"line":351,"column":47},"end":{"line":351,"column":null}}],"line":351},"47":{"loc":{"start":{"line":410,"column":20},"end":{"line":410,"column":null}},"type":"cond-expr","locations":[{"start":{"line":410,"column":38},"end":{"line":410,"column":67}},{"start":{"line":410,"column":67},"end":{"line":410,"column":null}}],"line":410},"48":{"loc":{"start":{"line":414,"column":17},"end":{"line":414,"column":null}},"type":"binary-expr","locations":[{"start":{"line":414,"column":17},"end":{"line":414,"column":36}},{"start":{"line":414,"column":36},"end":{"line":414,"column":null}}],"line":414},"49":{"loc":{"start":{"line":438,"column":22},"end":{"line":438,"column":null}},"type":"cond-expr","locations":[{"start":{"line":438,"column":45},"end":{"line":438,"column":69}},{"start":{"line":438,"column":69},"end":{"line":438,"column":null}}],"line":438},"50":{"loc":{"start":{"line":445,"column":17},"end":{"line":445,"column":null}},"type":"binary-expr","locations":[{"start":{"line":445,"column":17},"end":{"line":445,"column":41}},{"start":{"line":445,"column":41},"end":{"line":445,"column":null}}],"line":445}},"s":{"0":103,"1":103,"2":103,"3":103,"4":103,"5":96,"6":96,"7":96,"8":96,"9":96,"10":96,"11":2,"12":2,"13":2,"14":96,"15":2,"16":96,"17":96,"18":0,"19":0,"20":103,"21":3,"22":3,"23":3,"24":1,"25":3,"26":1,"27":3,"28":0,"29":3,"30":1,"31":3,"32":1,"33":3,"34":1,"35":3,"36":1,"37":3,"38":0,"39":3,"40":1,"41":3,"42":1,"43":3,"44":1,"45":1,"46":2,"47":2,"48":3,"49":3,"50":3,"51":2,"52":2,"53":0,"54":0,"55":0,"56":0,"57":0,"58":0,"59":103,"60":0,"61":0,"62":7719,"63":0},"f":{"0":103,"1":96,"2":96,"3":0,"4":3,"5":0,"6":0,"7":0,"8":7719,"9":0},"b":{"0":[3,93],"1":[2,94],"2":[2,94],"3":[0,96],"4":[1,2],"5":[1,2],"6":[0,3],"7":[3,0],"8":[1,2],"9":[1,2],"10":[1,2],"11":[1,2],"12":[3,3],"13":[0,3],"14":[3,3,0],"15":[1,2],"16":[1,2],"17":[1,2],"18":[0,2],"19":[0,2],"20":[3,2],"21":[3,0],"22":[2,0],"23":[2,101],"24":[1,100],"25":[101,1],"26":[1,100],"27":[101,1],"28":[101,0],"29":[0,0],"30":[0,0],"31":[1,100],"32":[101,1],"33":[1,100],"34":[101,1],"35":[1,100],"36":[101,1],"37":[0,101],"38":[0,0],"39":[0,0],"40":[1,100],"41":[101,83],"42":[101,1],"43":[101,18],"44":[101,0],"45":[0,0],"46":[0,0],"47":[1,100],"48":[101,1],"49":[1,100],"50":[101,1]},"meta":{"lastBranch":51,"lastFunction":10,"lastStatement":64,"seen":{"f:23:16:23:34":0,"s:24:8:24:32":0,"s:27:19:42:4":1,"s:45:17:45:66":2,"s:46:20:46:60":3,"s:49:8:74:Infinity":4,"f:49:8:49:Infinity":1,"s:52:32:52:Infinity":5,"s:55:23:55:Infinity":6,"s:56:16:56:Infinity":7,"b:56:30:56:70:56:70:56:Infinity":0,"s:58:4:71:Infinity":8,"f:58:4:58:17":2,"s:59:22:59:Infinity":9,"b:61:6:64:Infinity:undefined:undefined:undefined:undefined":1,"s:61:6:64:Infinity":10,"s:62:8:62:Infinity":11,"s:63:8:63:Infinity":12,"s:64:8:64:Infinity":13,"b:67:6:68:Infinity:undefined:undefined:undefined:undefined":2,"s:67:6:68:Infinity":14,"s:68:8:68:Infinity":15,"s:70:6:70:Infinity":16,"b:73:4:74:Infinity:undefined:undefined:undefined:undefined":3,"s:73:4:74:Infinity":17,"s:74:6:74:Infinity":18,"f:74:6:74:17":3,"s:74:27:74:50":19,"s:79:23:138:Infinity":20,"f:79:23:79:30":4,"s:80:4:80:Infinity":21,"s:81:46:81:48":22,"b:83:4:83:Infinity:undefined:undefined:undefined:undefined":4,"s:83:4:83:Infinity":23,"s:83:24:83:Infinity":24,"b:84:4:84:Infinity:undefined:undefined:undefined:undefined":5,"s:84:4:84:Infinity":25,"s:84:27:84:Infinity":26,"b:85:4:85:Infinity:undefined:undefined:undefined:undefined":6,"s:85:4:85:Infinity":27,"b:85:8:85:40:85:40:85:65":7,"s:85:65:85:Infinity":28,"b:87:4:87:Infinity:undefined:undefined:undefined:undefined":8,"s:87:4:87:Infinity":29,"s:87:24:87:Infinity":30,"b:88:4:88:Infinity:undefined:undefined:undefined:undefined":9,"s:88:4:88:Infinity":31,"s:88:23:88:Infinity":32,"b:89:4:89:Infinity:undefined:undefined:undefined:undefined":10,"s:89:4:89:Infinity":33,"s:89:31:89:Infinity":34,"b:91:4:91:Infinity:undefined:undefined:undefined:undefined":11,"s:91:4:91:Infinity":35,"b:91:8:91:40:91:40:91:57":12,"s:91:57:91:Infinity":36,"b:92:4:93:Infinity:undefined:undefined:undefined:undefined":13,"s:92:4:93:Infinity":37,"b:92:9:92:41:92:41:92:71:92:71:92:94":14,"s:93:6:93:Infinity":38,"b:96:4:96:Infinity:undefined:undefined:undefined:undefined":15,"s:96:4:96:Infinity":39,"s:96:28:96:Infinity":40,"b:97:4:97:Infinity:undefined:undefined:undefined:undefined":16,"s:97:4:97:Infinity":41,"s:97:33:97:Infinity":42,"b:99:4:101:Infinity:undefined:undefined:undefined:undefined":17,"s:99:4:101:Infinity":43,"s:100:6:100:Infinity":44,"s:101:6:101:Infinity":45,"s:104:4:138:Infinity":46,"s:105:29:105:Infinity":47,"b:105:60:105:85:105:85:105:Infinity":18,"s:106:28:106:Infinity":48,"b:106:89:106:112:106:112:106:Infinity":19,"b:106:28:106:60:106:60:106:89":20,"s:108:22:121:Infinity":49,"s:123:23:127:8":50,"b:123:39:123:79:123:79:123:107":21,"b:129:6:134:Infinity:131:13:134:Infinity":22,"s:129:6:134:Infinity":51,"s:130:8:130:Infinity":52,"s:132:26:132:65":53,"f:132:48:132:61":5,"s:132:61:132:63":54,"s:133:8:133:Infinity":55,"s:134:8:134:Infinity":56,"s:137:6:137:Infinity":57,"s:138:6:138:Infinity":58,"s:142:2:467:Infinity":59,"f:147:12:147:27":6,"s:147:27:147:39":60,"b:159:10:176:11:176:10:465:Infinity":23,"f:169:14:169:29":7,"s:169:29:169:42":61,"b:191:34:191:63:191:63:191:Infinity":24,"b:195:17:195:32:195:32:195:Infinity":25,"b:208:39:208:68:208:68:208:Infinity":26,"b:216:19:216:37:216:37:216:Infinity":27,"b:218:19:218:Infinity:219:20:233:Infinity":28,"b:229:49:229:78:229:78:229:Infinity":29,"b:233:23:233:47:233:47:233:Infinity":30,"b:248:34:248:63:248:63:248:Infinity":31,"b:256:17:256:32:256:32:256:Infinity":32,"b:268:33:268:62:268:62:268:Infinity":33,"b:275:17:275:31:275:31:275:Infinity":34,"b:287:41:287:70:287:70:287:Infinity":35,"b:296:17:296:39:296:39:296:Infinity":36,"b:304:18:316:Infinity:318:18:356:Infinity":37,"b:311:45:311:74:311:74:311:Infinity":38,"b:315:21:315:43:315:43:316:Infinity":39,"b:325:39:325:68:325:68:325:Infinity":40,"b:329:23:329:43:329:43:330:Infinity":41,"f:329:76:329:80":8,"s:330:24:330:Infinity":62,"b:333:21:333:37:333:37:333:Infinity":42,"b:334:21:334:42:334:42:334:Infinity":43,"b:336:21:336:Infinity:337:22:351:Infinity":44,"b:347:49:347:78:347:78:347:Infinity":45,"b:351:25:351:47:351:47:351:Infinity":46,"b:410:38:410:67:410:67:410:Infinity":47,"b:414:17:414:36:414:36:414:Infinity":48,"b:438:45:438:69:438:69:438:Infinity":49,"b:445:17:445:41:445:41:445:Infinity":50,"f:451:18:451:33":9,"s:451:33:451:45":63}}}
,"/home/leo/GitHub/mdp/MP_202610_G81_E2_Front/src/pages/CreateReviewScreen.tsx": {"path":"/home/leo/GitHub/mdp/MP_202610_G81_E2_Front/src/pages/CreateReviewScreen.tsx","statementMap":{"0":{"start":{"line":42,"column":3},"end":{"line":42,"column":null}},"1":{"start":{"line":45,"column":8},"end":{"line":45,"column":32}},"2":{"start":{"line":48,"column":28},"end":{"line":48,"column":83}},"3":{"start":{"line":49,"column":29},"end":{"line":49,"column":68}},"4":{"start":{"line":52,"column":28},"end":{"line":52,"column":77}},"5":{"start":{"line":53,"column":17},"end":{"line":53,"column":41}},"6":{"start":{"line":54,"column":18},"end":{"line":54,"column":44}},"7":{"start":{"line":55,"column":23},"end":{"line":55,"column":57}},"8":{"start":{"line":56,"column":25},"end":{"line":56,"column":58}},"9":{"start":{"line":57,"column":23},"end":{"line":57,"column":54}},"10":{"start":{"line":60,"column":18},"end":{"line":60,"column":54}},"11":{"start":{"line":61,"column":27},"end":{"line":61,"column":64}},"12":{"start":{"line":64,"column":20},"end":{"line":64,"column":null}},"13":{"start":{"line":66,"column":16},"end":{"line":70,"column":4}},"14":{"start":{"line":73,"column":2},"end":{"line":127,"column":null}},"15":{"start":{"line":74,"column":27},"end":{"line":122,"column":null}},"16":{"start":{"line":75,"column":6},"end":{"line":122,"column":null}},"17":{"start":{"line":76,"column":8},"end":{"line":76,"column":null}},"18":{"start":{"line":77,"column":25},"end":{"line":77,"column":74}},"19":{"start":{"line":79,"column":8},"end":{"line":80,"column":null}},"20":{"start":{"line":80,"column":10},"end":{"line":80,"column":null}},"21":{"start":{"line":83,"column":43},"end":{"line":83,"column":64}},"22":{"start":{"line":86,"column":25},"end":{"line":86,"column":52}},"23":{"start":{"line":89,"column":44},"end":{"line":108,"column":null}},"24":{"start":{"line":92,"column":12},"end":{"line":98,"column":null}},"25":{"start":{"line":93,"column":14},"end":{"line":98,"column":null}},"26":{"start":{"line":94,"column":31},"end":{"line":94,"column":80}},"27":{"start":{"line":95,"column":16},"end":{"line":96,"column":null}},"28":{"start":{"line":96,"column":18},"end":{"line":96,"column":null}},"29":{"start":{"line":102,"column":12},"end":{"line":107,"column":null}},"30":{"start":{"line":111,"column":8},"end":{"line":111,"column":null}},"31":{"start":{"line":113,"column":8},"end":{"line":114,"column":null}},"32":{"start":{"line":114,"column":10},"end":{"line":114,"column":null}},"33":{"start":{"line":117,"column":8},"end":{"line":117,"column":null}},"34":{"start":{"line":118,"column":8},"end":{"line":120,"column":null}},"35":{"start":{"line":122,"column":8},"end":{"line":122,"column":null}},"36":{"start":{"line":126,"column":4},"end":{"line":126,"column":null}},"37":{"start":{"line":131,"column":2},"end":{"line":151,"column":null}},"38":{"start":{"line":132,"column":25},"end":{"line":146,"column":null}},"39":{"start":{"line":133,"column":6},"end":{"line":146,"column":null}},"40":{"start":{"line":134,"column":8},"end":{"line":134,"column":null}},"41":{"start":{"line":135,"column":25},"end":{"line":135,"column":63}},"42":{"start":{"line":137,"column":8},"end":{"line":138,"column":null}},"43":{"start":{"line":138,"column":10},"end":{"line":138,"column":null}},"44":{"start":{"line":141,"column":21},"end":{"line":141,"column":42}},"45":{"start":{"line":142,"column":8},"end":{"line":142,"column":null}},"46":{"start":{"line":144,"column":8},"end":{"line":144,"column":null}},"47":{"start":{"line":146,"column":8},"end":{"line":146,"column":null}},"48":{"start":{"line":150,"column":4},"end":{"line":150,"column":null}},"49":{"start":{"line":154,"column":8},"end":{"line":156,"column":null}},"50":{"start":{"line":155,"column":10},"end":{"line":155,"column":67}},"51":{"start":{"line":155,"column":40},"end":{"line":155,"column":67}},"52":{"start":{"line":160,"column":23},"end":{"line":219,"column":null}},"53":{"start":{"line":161,"column":4},"end":{"line":161,"column":null}},"54":{"start":{"line":162,"column":4},"end":{"line":162,"column":null}},"55":{"start":{"line":163,"column":4},"end":{"line":163,"column":null}},"56":{"start":{"line":165,"column":4},"end":{"line":169,"column":null}},"57":{"start":{"line":166,"column":6},"end":{"line":168,"column":null}},"58":{"start":{"line":169,"column":6},"end":{"line":169,"column":null}},"59":{"start":{"line":172,"column":4},"end":{"line":174,"column":null}},"60":{"start":{"line":173,"column":6},"end":{"line":173,"column":null}},"61":{"start":{"line":174,"column":6},"end":{"line":174,"column":null}},"62":{"start":{"line":177,"column":4},"end":{"line":179,"column":null}},"63":{"start":{"line":178,"column":6},"end":{"line":178,"column":null}},"64":{"start":{"line":179,"column":6},"end":{"line":179,"column":null}},"65":{"start":{"line":182,"column":4},"end":{"line":219,"column":null}},"66":{"start":{"line":183,"column":6},"end":{"line":183,"column":null}},"67":{"start":{"line":185,"column":23},"end":{"line":197,"column":8}},"68":{"start":{"line":199,"column":6},"end":{"line":200,"column":null}},"69":{"start":{"line":200,"column":8},"end":{"line":200,"column":null}},"70":{"start":{"line":203,"column":6},"end":{"line":203,"column":null}},"71":{"start":{"line":204,"column":6},"end":{"line":204,"column":null}},"72":{"start":{"line":205,"column":6},"end":{"line":205,"column":null}},"73":{"start":{"line":208,"column":25},"end":{"line":208,"column":63}},"74":{"start":{"line":209,"column":6},"end":{"line":210,"column":null}},"75":{"start":{"line":210,"column":8},"end":{"line":210,"column":null}},"76":{"start":{"line":213,"column":6},"end":{"line":217,"column":null}},"77":{"start":{"line":219,"column":6},"end":{"line":219,"column":null}},"78":{"start":{"line":224,"column":8},"end":{"line":227,"column":null}},"79":{"start":{"line":225,"column":4},"end":{"line":225,"column":null}},"80":{"start":{"line":225,"column":20},"end":{"line":225,"column":null}},"81":{"start":{"line":226,"column":4},"end":{"line":226,"column":null}},"82":{"start":{"line":226,"column":20},"end":{"line":226,"column":null}},"83":{"start":{"line":227,"column":4},"end":{"line":227,"column":null}},"84":{"start":{"line":230,"column":8},"end":{"line":235,"column":null}},"85":{"start":{"line":231,"column":4},"end":{"line":235,"column":null}},"86":{"start":{"line":232,"column":23},"end":{"line":232,"column":null}},"87":{"start":{"line":233,"column":24},"end":{"line":233,"column":null}},"88":{"start":{"line":234,"column":24},"end":{"line":234,"column":null}},"89":{"start":{"line":235,"column":15},"end":{"line":235,"column":null}},"90":{"start":{"line":239,"column":8},"end":{"line":254,"column":null}},"91":{"start":{"line":240,"column":4},"end":{"line":241,"column":null}},"92":{"start":{"line":241,"column":6},"end":{"line":241,"column":null}},"93":{"start":{"line":244,"column":4},"end":{"line":245,"column":null}},"94":{"start":{"line":245,"column":6},"end":{"line":245,"column":null}},"95":{"start":{"line":248,"column":4},"end":{"line":254,"column":null}},"96":{"start":{"line":249,"column":6},"end":{"line":253,"column":null}},"97":{"start":{"line":257,"column":2},"end":{"line":509,"column":null}},"98":{"start":{"line":263,"column":27},"end":{"line":263,"column":39}},"99":{"start":{"line":329,"column":33},"end":{"line":329,"column":77}},"100":{"start":{"line":352,"column":35},"end":{"line":352,"column":68}},"101":{"start":{"line":381,"column":33},"end":{"line":381,"column":59}},"102":{"start":{"line":466,"column":16},"end":{"line":495,"column":null}}},"fnMap":{"0":{"name":"CreateReviewScreen","decl":{"start":{"line":44,"column":24},"end":{"line":44,"column":45}},"loc":{"start":{"line":44,"column":45},"end":{"line":509,"column":null}},"line":44},"1":{"name":"(anonymous_1)","decl":{"start":{"line":73,"column":2},"end":{"line":73,"column":18}},"loc":{"start":{"line":73,"column":18},"end":{"line":127,"column":7}},"line":73},"2":{"name":"(anonymous_2)","decl":{"start":{"line":74,"column":27},"end":{"line":74,"column":39}},"loc":{"start":{"line":74,"column":39},"end":{"line":122,"column":null}},"line":74},"3":{"name":"(anonymous_3)","decl":{"start":{"line":90,"column":23},"end":{"line":90,"column":30}},"loc":{"start":{"line":90,"column":39},"end":{"line":108,"column":null}},"line":90},"4":{"name":"(anonymous_4)","decl":{"start":{"line":131,"column":2},"end":{"line":131,"column":18}},"loc":{"start":{"line":131,"column":18},"end":{"line":151,"column":7}},"line":131},"5":{"name":"(anonymous_5)","decl":{"start":{"line":132,"column":25},"end":{"line":132,"column":37}},"loc":{"start":{"line":132,"column":37},"end":{"line":146,"column":null}},"line":132},"6":{"name":"(anonymous_6)","decl":{"start":{"line":154,"column":26},"end":{"line":154,"column":null}},"loc":{"start":{"line":155,"column":10},"end":{"line":155,"column":67}},"line":155},"7":{"name":"(anonymous_7)","decl":{"start":{"line":155,"column":28},"end":{"line":155,"column":34}},"loc":{"start":{"line":155,"column":40},"end":{"line":155,"column":67}},"line":155},"8":{"name":"(anonymous_8)","decl":{"start":{"line":160,"column":23},"end":{"line":160,"column":30}},"loc":{"start":{"line":160,"column":74},"end":{"line":219,"column":null}},"line":160},"9":{"name":"(anonymous_9)","decl":{"start":{"line":224,"column":8},"end":{"line":224,"column":26}},"loc":{"start":{"line":224,"column":44},"end":{"line":227,"column":null}},"line":224},"10":{"name":"(anonymous_10)","decl":{"start":{"line":230,"column":8},"end":{"line":230,"column":27}},"loc":{"start":{"line":230,"column":47},"end":{"line":235,"column":null}},"line":230},"11":{"name":"(anonymous_11)","decl":{"start":{"line":239,"column":8},"end":{"line":239,"column":37}},"loc":{"start":{"line":239,"column":37},"end":{"line":254,"column":null}},"line":239},"12":{"name":"(anonymous_12)","decl":{"start":{"line":248,"column":29},"end":{"line":248,"column":34}},"loc":{"start":{"line":249,"column":6},"end":{"line":253,"column":null}},"line":249},"13":{"name":"(anonymous_13)","decl":{"start":{"line":263,"column":12},"end":{"line":263,"column":27}},"loc":{"start":{"line":263,"column":27},"end":{"line":263,"column":39}},"line":263},"14":{"name":"(anonymous_14)","decl":{"start":{"line":329,"column":16},"end":{"line":329,"column":27}},"loc":{"start":{"line":329,"column":33},"end":{"line":329,"column":77}},"line":329},"15":{"name":"(anonymous_15)","decl":{"start":{"line":352,"column":18},"end":{"line":352,"column":29}},"loc":{"start":{"line":352,"column":35},"end":{"line":352,"column":68}},"line":352},"16":{"name":"(anonymous_16)","decl":{"start":{"line":381,"column":16},"end":{"line":381,"column":27}},"loc":{"start":{"line":381,"column":33},"end":{"line":381,"column":59}},"line":381},"17":{"name":"(anonymous_17)","decl":{"start":{"line":465,"column":23},"end":{"line":465,"column":28}},"loc":{"start":{"line":466,"column":16},"end":{"line":495,"column":null}},"line":466}},"branchMap":{"0":{"loc":{"start":{"line":42,"column":3},"end":{"line":42,"column":null}},"type":"binary-expr","locations":[{"start":{"line":42,"column":3},"end":{"line":42,"column":43}},{"start":{"line":42,"column":43},"end":{"line":42,"column":null}}],"line":42},"1":{"loc":{"start":{"line":79,"column":8},"end":{"line":80,"column":null}},"type":"if","locations":[{"start":{"line":79,"column":8},"end":{"line":80,"column":null}},{"start":{},"end":{}}],"line":79},"2":{"loc":{"start":{"line":86,"column":25},"end":{"line":86,"column":52}},"type":"cond-expr","locations":[{"start":{"line":86,"column":43},"end":{"line":86,"column":50}},{"start":{"line":86,"column":50},"end":{"line":86,"column":52}}],"line":86},"3":{"loc":{"start":{"line":92,"column":12},"end":{"line":98,"column":null}},"type":"if","locations":[{"start":{"line":92,"column":12},"end":{"line":98,"column":null}},{"start":{},"end":{}}],"line":92},"4":{"loc":{"start":{"line":95,"column":16},"end":{"line":96,"column":null}},"type":"if","locations":[{"start":{"line":95,"column":16},"end":{"line":96,"column":null}},{"start":{},"end":{}}],"line":95},"5":{"loc":{"start":{"line":113,"column":8},"end":{"line":114,"column":null}},"type":"if","locations":[{"start":{"line":113,"column":8},"end":{"line":114,"column":null}},{"start":{},"end":{}}],"line":113},"6":{"loc":{"start":{"line":137,"column":8},"end":{"line":138,"column":null}},"type":"if","locations":[{"start":{"line":137,"column":8},"end":{"line":138,"column":null}},{"start":{},"end":{}}],"line":137},"7":{"loc":{"start":{"line":165,"column":4},"end":{"line":169,"column":null}},"type":"if","locations":[{"start":{"line":165,"column":4},"end":{"line":169,"column":null}},{"start":{},"end":{}}],"line":165},"8":{"loc":{"start":{"line":165,"column":8},"end":{"line":165,"column":54}},"type":"binary-expr","locations":[{"start":{"line":165,"column":8},"end":{"line":165,"column":36}},{"start":{"line":165,"column":36},"end":{"line":165,"column":54}}],"line":165},"9":{"loc":{"start":{"line":172,"column":4},"end":{"line":174,"column":null}},"type":"if","locations":[{"start":{"line":172,"column":4},"end":{"line":174,"column":null}},{"start":{},"end":{}}],"line":172},"10":{"loc":{"start":{"line":172,"column":8},"end":{"line":172,"column":35}},"type":"binary-expr","locations":[{"start":{"line":172,"column":8},"end":{"line":172,"column":22}},{"start":{"line":172,"column":22},"end":{"line":172,"column":35}}],"line":172},"11":{"loc":{"start":{"line":177,"column":4},"end":{"line":179,"column":null}},"type":"if","locations":[{"start":{"line":177,"column":4},"end":{"line":179,"column":null}},{"start":{},"end":{}}],"line":177},"12":{"loc":{"start":{"line":199,"column":6},"end":{"line":200,"column":null}},"type":"if","locations":[{"start":{"line":199,"column":6},"end":{"line":200,"column":null}},{"start":{},"end":{}}],"line":199},"13":{"loc":{"start":{"line":209,"column":6},"end":{"line":210,"column":null}},"type":"if","locations":[{"start":{"line":209,"column":6},"end":{"line":210,"column":null}},{"start":{},"end":{}}],"line":209},"14":{"loc":{"start":{"line":214,"column":8},"end":{"line":216,"column":null}},"type":"cond-expr","locations":[{"start":{"line":215,"column":12},"end":{"line":215,"column":null}},{"start":{"line":216,"column":12},"end":{"line":216,"column":null}}],"line":214},"15":{"loc":{"start":{"line":225,"column":4},"end":{"line":225,"column":null}},"type":"if","locations":[{"start":{"line":225,"column":4},"end":{"line":225,"column":null}},{"start":{},"end":{}}],"line":225},"16":{"loc":{"start":{"line":226,"column":4},"end":{"line":226,"column":null}},"type":"if","locations":[{"start":{"line":226,"column":4},"end":{"line":226,"column":null}},{"start":{},"end":{}}],"line":226},"17":{"loc":{"start":{"line":231,"column":4},"end":{"line":235,"column":null}},"type":"switch","locations":[{"start":{"line":232,"column":6},"end":{"line":232,"column":null}},{"start":{"line":233,"column":6},"end":{"line":233,"column":null}},{"start":{"line":234,"column":6},"end":{"line":234,"column":null}},{"start":{"line":235,"column":6},"end":{"line":235,"column":null}}],"line":231},"18":{"loc":{"start":{"line":240,"column":4},"end":{"line":241,"column":null}},"type":"if","locations":[{"start":{"line":240,"column":4},"end":{"line":241,"column":null}},{"start":{},"end":{}}],"line":240},"19":{"loc":{"start":{"line":244,"column":4},"end":{"line":245,"column":null}},"type":"if","locations":[{"start":{"line":244,"column":4},"end":{"line":245,"column":null}},{"start":{},"end":{}}],"line":244},"20":{"loc":{"start":{"line":251,"column":9},"end":{"line":251,"column":null}},"type":"cond-expr","locations":[{"start":{"line":251,"column":23},"end":{"line":251,"column":50}},{"start":{"line":251,"column":50},"end":{"line":251,"column":null}}],"line":251},"21":{"loc":{"start":{"line":252,"column":9},"end":{"line":252,"column":null}},"type":"cond-expr","locations":[{"start":{"line":252,"column":26},"end":{"line":252,"column":68}},{"start":{"line":252,"column":68},"end":{"line":252,"column":null}}],"line":252},"22":{"loc":{"start":{"line":285,"column":15},"end":{"line":292,"column":null}},"type":"cond-expr","locations":[{"start":{"line":286,"column":16},"end":{"line":292,"column":null}},{"start":{"line":292,"column":16},"end":{"line":292,"column":null}}],"line":285},"23":{"loc":{"start":{"line":297,"column":17},"end":{"line":299,"column":null}},"type":"cond-expr","locations":[{"start":{"line":298,"column":20},"end":{"line":298,"column":null}},{"start":{"line":299,"column":20},"end":{"line":299,"column":null}}],"line":297},"24":{"loc":{"start":{"line":299,"column":20},"end":{"line":299,"column":null}},"type":"binary-expr","locations":[{"start":{"line":299,"column":20},"end":{"line":299,"column":50}},{"start":{"line":299,"column":50},"end":{"line":299,"column":null}}],"line":299},"25":{"loc":{"start":{"line":302,"column":17},"end":{"line":302,"column":null}},"type":"binary-expr","locations":[{"start":{"line":302,"column":17},"end":{"line":302,"column":48}},{"start":{"line":302,"column":48},"end":{"line":302,"column":null}}],"line":302},"26":{"loc":{"start":{"line":304,"column":15},"end":{"line":307,"column":null}},"type":"binary-expr","locations":[{"start":{"line":304,"column":15},"end":{"line":304,"column":null}},{"start":{"line":305,"column":16},"end":{"line":307,"column":null}}],"line":304},"27":{"loc":{"start":{"line":330,"column":26},"end":{"line":330,"column":null}},"type":"binary-expr","locations":[{"start":{"line":330,"column":26},"end":{"line":330,"column":48}},{"start":{"line":330,"column":48},"end":{"line":330,"column":null}}],"line":330},"28":{"loc":{"start":{"line":404,"column":13},"end":{"line":419,"column":null}},"type":"binary-expr","locations":[{"start":{"line":404,"column":13},"end":{"line":404,"column":null}},{"start":{"line":405,"column":14},"end":{"line":419,"column":null}}],"line":404},"29":{"loc":{"start":{"line":423,"column":13},"end":{"line":436,"column":null}},"type":"binary-expr","locations":[{"start":{"line":423,"column":13},"end":{"line":423,"column":null}},{"start":{"line":424,"column":14},"end":{"line":436,"column":null}}],"line":423},"30":{"loc":{"start":{"line":443,"column":24},"end":{"line":443,"column":null}},"type":"binary-expr","locations":[{"start":{"line":443,"column":24},"end":{"line":443,"column":40}},{"start":{"line":443,"column":40},"end":{"line":443,"column":null}}],"line":443},"31":{"loc":{"start":{"line":446,"column":15},"end":{"line":446,"column":null}},"type":"cond-expr","locations":[{"start":{"line":446,"column":30},"end":{"line":446,"column":55}},{"start":{"line":446,"column":55},"end":{"line":446,"column":null}}],"line":446},"32":{"loc":{"start":{"line":457,"column":11},"end":{"line":499,"column":null}},"type":"cond-expr","locations":[{"start":{"line":458,"column":12},"end":{"line":459,"column":22}},{"start":{"line":459,"column":14},"end":{"line":499,"column":null}}],"line":457},"33":{"loc":{"start":{"line":459,"column":14},"end":{"line":499,"column":null}},"type":"cond-expr","locations":[{"start":{"line":460,"column":12},"end":{"line":464,"column":13}},{"start":{"line":464,"column":12},"end":{"line":499,"column":null}}],"line":459},"34":{"loc":{"start":{"line":473,"column":25},"end":{"line":474,"column":null}},"type":"binary-expr","locations":[{"start":{"line":473,"column":25},"end":{"line":473,"column":null}},{"start":{"line":474,"column":26},"end":{"line":474,"column":null}}],"line":473},"35":{"loc":{"start":{"line":474,"column":40},"end":{"line":474,"column":null}},"type":"binary-expr","locations":[{"start":{"line":474,"column":40},"end":{"line":474,"column":60}},{"start":{"line":474,"column":60},"end":{"line":474,"column":null}}],"line":474},"36":{"loc":{"start":{"line":477,"column":25},"end":{"line":478,"column":null}},"type":"binary-expr","locations":[{"start":{"line":477,"column":25},"end":{"line":477,"column":null}},{"start":{"line":478,"column":26},"end":{"line":478,"column":null}}],"line":477}},"s":{"0":1,"1":52,"2":52,"3":52,"4":52,"5":52,"6":52,"7":52,"8":52,"9":52,"10":52,"11":52,"12":52,"13":52,"14":52,"15":12,"16":12,"17":12,"18":12,"19":12,"20":0,"21":12,"22":12,"23":12,"24":5,"25":2,"26":2,"27":2,"28":2,"29":5,"30":12,"31":12,"32":4,"33":0,"34":0,"35":12,"36":12,"37":52,"38":12,"39":12,"40":12,"41":12,"42":12,"43":0,"44":12,"45":12,"46":0,"47":12,"48":12,"49":52,"50":19,"51":4,"52":52,"53":3,"54":3,"55":3,"56":3,"57":0,"58":0,"59":3,"60":0,"61":0,"62":3,"63":1,"64":1,"65":2,"66":2,"67":2,"68":2,"69":1,"70":1,"71":1,"72":1,"73":1,"74":1,"75":1,"76":1,"77":2,"78":52,"79":55,"80":23,"81":32,"82":32,"83":0,"84":52,"85":36,"86":23,"87":12,"88":1,"89":0,"90":52,"91":52,"92":14,"93":38,"94":3,"95":35,"96":36,"97":52,"98":0,"99":0,"100":2,"101":25,"102":3},"f":{"0":52,"1":12,"2":12,"3":5,"4":12,"5":12,"6":19,"7":4,"8":3,"9":55,"10":36,"11":52,"12":36,"13":0,"14":0,"15":2,"16":25,"17":3},"b":{"0":[1,0],"1":[0,12],"2":[4,8],"3":[2,3],"4":[2,0],"5":[4,8],"6":[0,12],"7":[0,3],"8":[3,3],"9":[0,3],"10":[3,3],"11":[1,2],"12":[1,1],"13":[1,0],"14":[1,0],"15":[23,32],"16":[32,0],"17":[23,12,1,0],"18":[14,38],"19":[3,35],"20":[2,34],"21":[36,0],"22":[0,52],"23":[14,38],"24":[38,37],"25":[52,51],"26":[52,35],"27":[52,38],"28":[52,1],"29":[52,2],"30":[52,50],"31":[2,50],"32":[14,38],"33":[36,2],"34":[3,1],"35":[1,0],"36":[3,3]},"meta":{"lastBranch":37,"lastFunction":18,"lastStatement":103,"seen":{"s:42:3:42:Infinity":0,"b:42:3:42:43:42:43:42:Infinity":0,"f:44:24:44:45":0,"s:45:8:45:32":1,"s:48:28:48:83":2,"s:49:29:49:68":3,"s:52:28:52:77":4,"s:53:17:53:41":5,"s:54:18:54:44":6,"s:55:23:55:57":7,"s:56:25:56:58":8,"s:57:23:57:54":9,"s:60:18:60:54":10,"s:61:27:61:64":11,"s:64:20:64:Infinity":12,"s:66:16:70:4":13,"s:73:2:127:Infinity":14,"f:73:2:73:18":1,"s:74:27:122:Infinity":15,"f:74:27:74:39":2,"s:75:6:122:Infinity":16,"s:76:8:76:Infinity":17,"s:77:25:77:74":18,"b:79:8:80:Infinity:undefined:undefined:undefined:undefined":1,"s:79:8:80:Infinity":19,"s:80:10:80:Infinity":20,"s:83:43:83:64":21,"s:86:25:86:52":22,"b:86:43:86:50:86:50:86:52":2,"s:89:44:108:Infinity":23,"f:90:23:90:30":3,"b:92:12:98:Infinity:undefined:undefined:undefined:undefined":3,"s:92:12:98:Infinity":24,"s:93:14:98:Infinity":25,"s:94:31:94:80":26,"b:95:16:96:Infinity:undefined:undefined:undefined:undefined":4,"s:95:16:96:Infinity":27,"s:96:18:96:Infinity":28,"s:102:12:107:Infinity":29,"s:111:8:111:Infinity":30,"b:113:8:114:Infinity:undefined:undefined:undefined:undefined":5,"s:113:8:114:Infinity":31,"s:114:10:114:Infinity":32,"s:117:8:117:Infinity":33,"s:118:8:120:Infinity":34,"s:122:8:122:Infinity":35,"s:126:4:126:Infinity":36,"s:131:2:151:Infinity":37,"f:131:2:131:18":4,"s:132:25:146:Infinity":38,"f:132:25:132:37":5,"s:133:6:146:Infinity":39,"s:134:8:134:Infinity":40,"s:135:25:135:63":41,"b:137:8:138:Infinity:undefined:undefined:undefined:undefined":6,"s:137:8:138:Infinity":42,"s:138:10:138:Infinity":43,"s:141:21:141:42":44,"s:142:8:142:Infinity":45,"s:144:8:144:Infinity":46,"s:146:8:146:Infinity":47,"s:150:4:150:Infinity":48,"s:154:8:156:Infinity":49,"f:154:26:154:Infinity":6,"s:155:10:155:67":50,"f:155:28:155:34":7,"s:155:40:155:67":51,"s:160:23:219:Infinity":52,"f:160:23:160:30":8,"s:161:4:161:Infinity":53,"s:162:4:162:Infinity":54,"s:163:4:163:Infinity":55,"b:165:4:169:Infinity:undefined:undefined:undefined:undefined":7,"s:165:4:169:Infinity":56,"b:165:8:165:36:165:36:165:54":8,"s:166:6:168:Infinity":57,"s:169:6:169:Infinity":58,"b:172:4:174:Infinity:undefined:undefined:undefined:undefined":9,"s:172:4:174:Infinity":59,"b:172:8:172:22:172:22:172:35":10,"s:173:6:173:Infinity":60,"s:174:6:174:Infinity":61,"b:177:4:179:Infinity:undefined:undefined:undefined:undefined":11,"s:177:4:179:Infinity":62,"s:178:6:178:Infinity":63,"s:179:6:179:Infinity":64,"s:182:4:219:Infinity":65,"s:183:6:183:Infinity":66,"s:185:23:197:8":67,"b:199:6:200:Infinity:undefined:undefined:undefined:undefined":12,"s:199:6:200:Infinity":68,"s:200:8:200:Infinity":69,"s:203:6:203:Infinity":70,"s:204:6:204:Infinity":71,"s:205:6:205:Infinity":72,"s:208:25:208:63":73,"b:209:6:210:Infinity:undefined:undefined:undefined:undefined":13,"s:209:6:210:Infinity":74,"s:210:8:210:Infinity":75,"s:213:6:217:Infinity":76,"b:215:12:215:Infinity:216:12:216:Infinity":14,"s:219:6:219:Infinity":77,"s:224:8:227:Infinity":78,"f:224:8:224:26":9,"b:225:4:225:Infinity:undefined:undefined:undefined:undefined":15,"s:225:4:225:Infinity":79,"s:225:20:225:Infinity":80,"b:226:4:226:Infinity:undefined:undefined:undefined:undefined":16,"s:226:4:226:Infinity":81,"s:226:20:226:Infinity":82,"s:227:4:227:Infinity":83,"s:230:8:235:Infinity":84,"f:230:8:230:27":10,"b:232:6:232:Infinity:233:6:233:Infinity:234:6:234:Infinity:235:6:235:Infinity":17,"s:231:4:235:Infinity":85,"s:232:23:232:Infinity":86,"s:233:24:233:Infinity":87,"s:234:24:234:Infinity":88,"s:235:15:235:Infinity":89,"s:239:8:254:Infinity":90,"f:239:8:239:37":11,"b:240:4:241:Infinity:undefined:undefined:undefined:undefined":18,"s:240:4:241:Infinity":91,"s:241:6:241:Infinity":92,"b:244:4:245:Infinity:undefined:undefined:undefined:undefined":19,"s:244:4:245:Infinity":93,"s:245:6:245:Infinity":94,"s:248:4:254:Infinity":95,"f:248:29:248:34":12,"s:249:6:253:Infinity":96,"b:251:23:251:50:251:50:251:Infinity":20,"b:252:26:252:68:252:68:252:Infinity":21,"s:257:2:509:Infinity":97,"f:263:12:263:27":13,"s:263:27:263:39":98,"b:286:16:292:Infinity:292:16:292:Infinity":22,"b:298:20:298:Infinity:299:20:299:Infinity":23,"b:299:20:299:50:299:50:299:Infinity":24,"b:302:17:302:48:302:48:302:Infinity":25,"b:304:15:304:Infinity:305:16:307:Infinity":26,"f:329:16:329:27":14,"s:329:33:329:77":99,"b:330:26:330:48:330:48:330:Infinity":27,"f:352:18:352:29":15,"s:352:35:352:68":100,"f:381:16:381:27":16,"s:381:33:381:59":101,"b:404:13:404:Infinity:405:14:419:Infinity":28,"b:423:13:423:Infinity:424:14:436:Infinity":29,"b:443:24:443:40:443:40:443:Infinity":30,"b:446:30:446:55:446:55:446:Infinity":31,"b:458:12:459:22:459:14:499:Infinity":32,"b:460:12:464:13:464:12:499:Infinity":33,"f:465:23:465:28":17,"s:466:16:495:Infinity":102,"b:473:25:473:Infinity:474:26:474:Infinity":34,"b:474:40:474:60:474:60:474:Infinity":35,"b:477:25:477:Infinity:478:26:478:Infinity":36}}}
,"/home/leo/GitHub/mdp/MP_202610_G81_E2_Front/src/pages/CreateShelterScreen.tsx": {"path":"/home/leo/GitHub/mdp/MP_202610_G81_E2_Front/src/pages/CreateShelterScreen.tsx","statementMap":{"0":{"start":{"line":4,"column":22},"end":{"line":4,"column":null}},"1":{"start":{"line":20,"column":8},"end":{"line":20,"column":32}},"2":{"start":{"line":22,"column":19},"end":{"line":33,"column":4}},"3":{"start":{"line":35,"column":17},"end":{"line":35,"column":66}},"4":{"start":{"line":36,"column":20},"end":{"line":36,"column":60}},"5":{"start":{"line":38,"column":8},"end":{"line":46,"column":null}},"6":{"start":{"line":41,"column":28},"end":{"line":41,"column":null}},"7":{"start":{"line":43,"column":4},"end":{"line":43,"column":null}},"8":{"start":{"line":43,"column":27},"end":{"line":43,"column":55}},"9":{"start":{"line":45,"column":4},"end":{"line":46,"column":null}},"10":{"start":{"line":46,"column":6},"end":{"line":46,"column":null}},"11":{"start":{"line":46,"column":27},"end":{"line":46,"column":52}},"12":{"start":{"line":50,"column":23},"end":{"line":99,"column":null}},"13":{"start":{"line":51,"column":4},"end":{"line":51,"column":null}},"14":{"start":{"line":52,"column":46},"end":{"line":52,"column":48}},"15":{"start":{"line":54,"column":4},"end":{"line":54,"column":null}},"16":{"start":{"line":54,"column":24},"end":{"line":54,"column":null}},"17":{"start":{"line":55,"column":4},"end":{"line":55,"column":null}},"18":{"start":{"line":55,"column":23},"end":{"line":55,"column":null}},"19":{"start":{"line":56,"column":4},"end":{"line":56,"column":null}},"20":{"start":{"line":56,"column":25},"end":{"line":56,"column":null}},"21":{"start":{"line":57,"column":4},"end":{"line":57,"column":null}},"22":{"start":{"line":57,"column":24},"end":{"line":57,"column":null}},"23":{"start":{"line":58,"column":4},"end":{"line":58,"column":null}},"24":{"start":{"line":58,"column":27},"end":{"line":58,"column":null}},"25":{"start":{"line":60,"column":4},"end":{"line":63,"column":null}},"26":{"start":{"line":61,"column":6},"end":{"line":61,"column":null}},"27":{"start":{"line":62,"column":15},"end":{"line":63,"column":null}},"28":{"start":{"line":63,"column":6},"end":{"line":63,"column":null}},"29":{"start":{"line":66,"column":4},"end":{"line":68,"column":null}},"30":{"start":{"line":67,"column":6},"end":{"line":67,"column":null}},"31":{"start":{"line":68,"column":6},"end":{"line":68,"column":null}},"32":{"start":{"line":71,"column":4},"end":{"line":99,"column":null}},"33":{"start":{"line":72,"column":22},"end":{"line":82,"column":null}},"34":{"start":{"line":84,"column":23},"end":{"line":90,"column":10}},"35":{"start":{"line":92,"column":6},"end":{"line":95,"column":null}},"36":{"start":{"line":93,"column":8},"end":{"line":93,"column":null}},"37":{"start":{"line":95,"column":8},"end":{"line":95,"column":null}},"38":{"start":{"line":98,"column":6},"end":{"line":98,"column":null}},"39":{"start":{"line":99,"column":6},"end":{"line":99,"column":null}},"40":{"start":{"line":103,"column":2},"end":{"line":331,"column":null}},"41":{"start":{"line":108,"column":27},"end":{"line":108,"column":39}},"42":{"start":{"line":132,"column":29},"end":{"line":132,"column":42}},"43":{"start":{"line":316,"column":33},"end":{"line":316,"column":45}}},"fnMap":{"0":{"name":"CreateShelterScreen","decl":{"start":{"line":19,"column":16},"end":{"line":19,"column":38}},"loc":{"start":{"line":19,"column":38},"end":{"line":331,"column":null}},"line":19},"1":{"name":"(anonymous_1)","decl":{"start":{"line":38,"column":8},"end":{"line":38,"column":null}},"loc":{"start":{"line":40,"column":7},"end":{"line":46,"column":null}},"line":40},"2":{"name":"(anonymous_2)","decl":{"start":{"line":43,"column":4},"end":{"line":43,"column":17}},"loc":{"start":{"line":43,"column":27},"end":{"line":43,"column":55}},"line":43},"3":{"name":"(anonymous_3)","decl":{"start":{"line":46,"column":6},"end":{"line":46,"column":17}},"loc":{"start":{"line":46,"column":27},"end":{"line":46,"column":52}},"line":46},"4":{"name":"(anonymous_4)","decl":{"start":{"line":50,"column":23},"end":{"line":50,"column":30}},"loc":{"start":{"line":50,"column":70},"end":{"line":99,"column":null}},"line":50},"5":{"name":"(anonymous_5)","decl":{"start":{"line":108,"column":12},"end":{"line":108,"column":27}},"loc":{"start":{"line":108,"column":27},"end":{"line":108,"column":39}},"line":108},"6":{"name":"(anonymous_6)","decl":{"start":{"line":132,"column":14},"end":{"line":132,"column":29}},"loc":{"start":{"line":132,"column":29},"end":{"line":132,"column":42}},"line":132},"7":{"name":"(anonymous_7)","decl":{"start":{"line":316,"column":18},"end":{"line":316,"column":33}},"loc":{"start":{"line":316,"column":33},"end":{"line":316,"column":45}},"line":316}},"branchMap":{"0":{"loc":{"start":{"line":4,"column":22},"end":{"line":4,"column":null}},"type":"binary-expr","locations":[{"start":{"line":4,"column":22},"end":{"line":4,"column":62}},{"start":{"line":4,"column":62},"end":{"line":4,"column":null}}],"line":4},"1":{"loc":{"start":{"line":45,"column":4},"end":{"line":46,"column":null}},"type":"if","locations":[{"start":{"line":45,"column":4},"end":{"line":46,"column":null}},{"start":{},"end":{}}],"line":45},"2":{"loc":{"start":{"line":54,"column":4},"end":{"line":54,"column":null}},"type":"if","locations":[{"start":{"line":54,"column":4},"end":{"line":54,"column":null}},{"start":{},"end":{}}],"line":54},"3":{"loc":{"start":{"line":55,"column":4},"end":{"line":55,"column":null}},"type":"if","locations":[{"start":{"line":55,"column":4},"end":{"line":55,"column":null}},{"start":{},"end":{}}],"line":55},"4":{"loc":{"start":{"line":56,"column":4},"end":{"line":56,"column":null}},"type":"if","locations":[{"start":{"line":56,"column":4},"end":{"line":56,"column":null}},{"start":{},"end":{}}],"line":56},"5":{"loc":{"start":{"line":57,"column":4},"end":{"line":57,"column":null}},"type":"if","locations":[{"start":{"line":57,"column":4},"end":{"line":57,"column":null}},{"start":{},"end":{}}],"line":57},"6":{"loc":{"start":{"line":58,"column":4},"end":{"line":58,"column":null}},"type":"if","locations":[{"start":{"line":58,"column":4},"end":{"line":58,"column":null}},{"start":{},"end":{}}],"line":58},"7":{"loc":{"start":{"line":60,"column":4},"end":{"line":63,"column":null}},"type":"if","locations":[{"start":{"line":60,"column":4},"end":{"line":63,"column":null}},{"start":{"line":62,"column":15},"end":{"line":63,"column":null}}],"line":60},"8":{"loc":{"start":{"line":62,"column":15},"end":{"line":63,"column":null}},"type":"if","locations":[{"start":{"line":62,"column":15},"end":{"line":63,"column":null}},{"start":{},"end":{}}],"line":62},"9":{"loc":{"start":{"line":66,"column":4},"end":{"line":68,"column":null}},"type":"if","locations":[{"start":{"line":66,"column":4},"end":{"line":68,"column":null}},{"start":{},"end":{}}],"line":66},"10":{"loc":{"start":{"line":92,"column":6},"end":{"line":95,"column":null}},"type":"if","locations":[{"start":{"line":92,"column":6},"end":{"line":95,"column":null}},{"start":{"line":94,"column":13},"end":{"line":95,"column":null}}],"line":92},"11":{"loc":{"start":{"line":119,"column":9},"end":{"line":329,"column":null}},"type":"cond-expr","locations":[{"start":{"line":120,"column":10},"end":{"line":139,"column":11}},{"start":{"line":139,"column":10},"end":{"line":329,"column":null}}],"line":119},"12":{"loc":{"start":{"line":153,"column":20},"end":{"line":153,"column":null}},"type":"cond-expr","locations":[{"start":{"line":153,"column":34},"end":{"line":153,"column":63}},{"start":{"line":153,"column":63},"end":{"line":153,"column":null}}],"line":153},"13":{"loc":{"start":{"line":157,"column":17},"end":{"line":157,"column":null}},"type":"binary-expr","locations":[{"start":{"line":157,"column":17},"end":{"line":157,"column":32}},{"start":{"line":157,"column":32},"end":{"line":157,"column":null}}],"line":157},"14":{"loc":{"start":{"line":171,"column":20},"end":{"line":171,"column":null}},"type":"cond-expr","locations":[{"start":{"line":171,"column":33},"end":{"line":171,"column":62}},{"start":{"line":171,"column":62},"end":{"line":171,"column":null}}],"line":171},"15":{"loc":{"start":{"line":176,"column":17},"end":{"line":176,"column":null}},"type":"binary-expr","locations":[{"start":{"line":176,"column":17},"end":{"line":176,"column":31}},{"start":{"line":176,"column":31},"end":{"line":176,"column":null}}],"line":176},"16":{"loc":{"start":{"line":190,"column":20},"end":{"line":190,"column":null}},"type":"cond-expr","locations":[{"start":{"line":190,"column":35},"end":{"line":190,"column":64}},{"start":{"line":190,"column":64},"end":{"line":190,"column":null}}],"line":190},"17":{"loc":{"start":{"line":194,"column":17},"end":{"line":194,"column":null}},"type":"binary-expr","locations":[{"start":{"line":194,"column":17},"end":{"line":194,"column":33}},{"start":{"line":194,"column":33},"end":{"line":194,"column":null}}],"line":194},"18":{"loc":{"start":{"line":208,"column":20},"end":{"line":208,"column":null}},"type":"cond-expr","locations":[{"start":{"line":208,"column":35},"end":{"line":208,"column":64}},{"start":{"line":208,"column":64},"end":{"line":208,"column":null}}],"line":208},"19":{"loc":{"start":{"line":212,"column":17},"end":{"line":212,"column":null}},"type":"binary-expr","locations":[{"start":{"line":212,"column":17},"end":{"line":212,"column":33}},{"start":{"line":212,"column":33},"end":{"line":212,"column":null}}],"line":212},"20":{"loc":{"start":{"line":241,"column":20},"end":{"line":241,"column":null}},"type":"cond-expr","locations":[{"start":{"line":241,"column":34},"end":{"line":241,"column":63}},{"start":{"line":241,"column":63},"end":{"line":241,"column":null}}],"line":241},"21":{"loc":{"start":{"line":245,"column":17},"end":{"line":245,"column":null}},"type":"binary-expr","locations":[{"start":{"line":245,"column":17},"end":{"line":245,"column":32}},{"start":{"line":245,"column":32},"end":{"line":245,"column":null}}],"line":245},"22":{"loc":{"start":{"line":259,"column":20},"end":{"line":259,"column":null}},"type":"cond-expr","locations":[{"start":{"line":259,"column":37},"end":{"line":259,"column":66}},{"start":{"line":259,"column":66},"end":{"line":259,"column":null}}],"line":259},"23":{"loc":{"start":{"line":263,"column":17},"end":{"line":263,"column":null}},"type":"binary-expr","locations":[{"start":{"line":263,"column":17},"end":{"line":263,"column":35}},{"start":{"line":263,"column":35},"end":{"line":263,"column":null}}],"line":263}},"s":{"0":1,"1":69,"2":69,"3":69,"4":69,"5":69,"6":64,"7":64,"8":64,"9":64,"10":0,"11":0,"12":69,"13":2,"14":2,"15":2,"16":1,"17":2,"18":1,"19":2,"20":1,"21":2,"22":1,"23":2,"24":1,"25":2,"26":1,"27":1,"28":0,"29":2,"30":1,"31":1,"32":1,"33":1,"34":1,"35":1,"36":1,"37":0,"38":0,"39":0,"40":69,"41":0,"42":0,"43":0},"f":{"0":69,"1":64,"2":64,"3":0,"4":2,"5":0,"6":0,"7":0},"b":{"0":[1,0],"1":[0,64],"2":[1,1],"3":[1,1],"4":[1,1],"5":[1,1],"6":[1,1],"7":[1,1],"8":[0,1],"9":[1,1],"10":[1,0],"11":[1,68],"12":[1,67],"13":[68,1],"14":[1,67],"15":[68,1],"16":[1,67],"17":[68,1],"18":[1,67],"19":[68,1],"20":[1,67],"21":[68,1],"22":[1,67],"23":[68,1]},"meta":{"lastBranch":24,"lastFunction":8,"lastStatement":44,"seen":{"s:4:22:4:Infinity":0,"b:4:22:4:62:4:62:4:Infinity":0,"f:19:16:19:38":0,"s:20:8:20:32":1,"s:22:19:33:4":2,"s:35:17:35:66":3,"s:36:20:36:60":4,"s:38:8:46:Infinity":5,"f:38:8:38:Infinity":1,"s:41:28:41:Infinity":6,"s:43:4:43:Infinity":7,"f:43:4:43:17":2,"s:43:27:43:55":8,"b:45:4:46:Infinity:undefined:undefined:undefined:undefined":1,"s:45:4:46:Infinity":9,"s:46:6:46:Infinity":10,"f:46:6:46:17":3,"s:46:27:46:52":11,"s:50:23:99:Infinity":12,"f:50:23:50:30":4,"s:51:4:51:Infinity":13,"s:52:46:52:48":14,"b:54:4:54:Infinity:undefined:undefined:undefined:undefined":2,"s:54:4:54:Infinity":15,"s:54:24:54:Infinity":16,"b:55:4:55:Infinity:undefined:undefined:undefined:undefined":3,"s:55:4:55:Infinity":17,"s:55:23:55:Infinity":18,"b:56:4:56:Infinity:undefined:undefined:undefined:undefined":4,"s:56:4:56:Infinity":19,"s:56:25:56:Infinity":20,"b:57:4:57:Infinity:undefined:undefined:undefined:undefined":5,"s:57:4:57:Infinity":21,"s:57:24:57:Infinity":22,"b:58:4:58:Infinity:undefined:undefined:undefined:undefined":6,"s:58:4:58:Infinity":23,"s:58:27:58:Infinity":24,"b:60:4:63:Infinity:62:15:63:Infinity":7,"s:60:4:63:Infinity":25,"s:61:6:61:Infinity":26,"b:62:15:63:Infinity:undefined:undefined:undefined:undefined":8,"s:62:15:63:Infinity":27,"s:63:6:63:Infinity":28,"b:66:4:68:Infinity:undefined:undefined:undefined:undefined":9,"s:66:4:68:Infinity":29,"s:67:6:67:Infinity":30,"s:68:6:68:Infinity":31,"s:71:4:99:Infinity":32,"s:72:22:82:Infinity":33,"s:84:23:90:10":34,"b:92:6:95:Infinity:94:13:95:Infinity":10,"s:92:6:95:Infinity":35,"s:93:8:93:Infinity":36,"s:95:8:95:Infinity":37,"s:98:6:98:Infinity":38,"s:99:6:99:Infinity":39,"s:103:2:331:Infinity":40,"f:108:12:108:27":5,"s:108:27:108:39":41,"b:120:10:139:11:139:10:329:Infinity":11,"f:132:14:132:29":6,"s:132:29:132:42":42,"b:153:34:153:63
[...]
r","locations":[{"start":{"line":204,"column":12},"end":{"line":204,"column":null}},{"start":{"line":205,"column":12},"end":{"line":205,"column":null}}],"line":203},"35":{"loc":{"start":{"line":233,"column":9},"end":{"line":236,"column":null}},"type":"binary-expr","locations":[{"start":{"line":233,"column":9},"end":{"line":233,"column":null}},{"start":{"line":234,"column":10},"end":{"line":236,"column":null}}],"line":233},"36":{"loc":{"start":{"line":239,"column":9},"end":{"line":242,"column":null}},"type":"binary-expr","locations":[{"start":{"line":239,"column":9},"end":{"line":239,"column":null}},{"start":{"line":240,"column":10},"end":{"line":242,"column":null}}],"line":239},"37":{"loc":{"start":{"line":245,"column":9},"end":{"line":415,"column":null}},"type":"cond-expr","locations":[{"start":{"line":246,"column":10},"end":{"line":249,"column":21}},{"start":{"line":249,"column":12},"end":{"line":415,"column":null}}],"line":245},"38":{"loc":{"start":{"line":249,"column":12},"end":{"line":415,"column":null}},"type":"cond-expr","locations":[{"start":{"line":250,"column":10},"end":{"line":256,"column":11}},{"start":{"line":256,"column":10},"end":{"line":415,"column":null}}],"line":249},"39":{"loc":{"start":{"line":273,"column":24},"end":{"line":275,"column":null}},"type":"cond-expr","locations":[{"start":{"line":274,"column":28},"end":{"line":274,"column":null}},{"start":{"line":275,"column":28},"end":{"line":275,"column":null}}],"line":273},"40":{"loc":{"start":{"line":307,"column":36},"end":{"line":307,"column":null}},"type":"binary-expr","locations":[{"start":{"line":307,"column":36},"end":{"line":307,"column":57}},{"start":{"line":307,"column":57},"end":{"line":307,"column":null}}],"line":307},"41":{"loc":{"start":{"line":319,"column":36},"end":{"line":319,"column":null}},"type":"binary-expr","locations":[{"start":{"line":319,"column":36},"end":{"line":319,"column":57}},{"start":{"line":319,"column":57},"end":{"line":319,"column":null}}],"line":319},"42":{"loc":{"start":{"line":337,"column":15},"end":{"line":412,"column":null}},"type":"cond-expr","locations":[{"start":{"line":338,"column":16},"end":{"line":407,"column":null}},{"start":{"line":409,"column":16},"end":{"line":412,"column":null}}],"line":337},"43":{"loc":{"start":{"line":376,"column":23},"end":{"line":376,"column":null}},"type":"binary-expr","locations":[{"start":{"line":376,"column":23},"end":{"line":376,"column":51}},{"start":{"line":376,"column":51},"end":{"line":376,"column":null}}],"line":376},"44":{"loc":{"start":{"line":383,"column":23},"end":{"line":383,"column":null}},"type":"binary-expr","locations":[{"start":{"line":383,"column":23},"end":{"line":383,"column":55}},{"start":{"line":383,"column":55},"end":{"line":383,"column":null}}],"line":383},"45":{"loc":{"start":{"line":384,"column":23},"end":{"line":384,"column":null}},"type":"binary-expr","locations":[{"start":{"line":384,"column":23},"end":{"line":384,"column":56}},{"start":{"line":384,"column":56},"end":{"line":384,"column":null}}],"line":384},"46":{"loc":{"start":{"line":385,"column":23},"end":{"line":385,"column":null}},"type":"binary-expr","locations":[{"start":{"line":385,"column":23},"end":{"line":385,"column":56}},{"start":{"line":385,"column":56},"end":{"line":385,"column":null}}],"line":385},"47":{"loc":{"start":{"line":392,"column":32},"end":{"line":392,"column":null}},"type":"binary-expr","locations":[{"start":{"line":392,"column":32},"end":{"line":392,"column":54}},{"start":{"line":392,"column":54},"end":{"line":392,"column":null}}],"line":392},"48":{"loc":{"start":{"line":396,"column":23},"end":{"line":396,"column":null}},"type":"cond-expr","locations":[{"start":{"line":396,"column":36},"end":{"line":396,"column":54}},{"start":{"line":396,"column":54},"end":{"line":396,"column":null}}],"line":396},"49":{"loc":{"start":{"line":400,"column":32},"end":{"line":400,"column":null}},"type":"binary-expr","locations":[{"start":{"line":400,"column":32},"end":{"line":400,"column":54}},{"start":{"line":400,"column":54},"end":{"line":400,"column":null}}],"line":400},"50":{"loc":{"start":{"line":404,"column":23},"end":{"line":404,"column":null}},"type":"cond-expr","locations":[{"start":{"line":404,"column":36},"end":{"line":404,"column":54}},{"start":{"line":404,"column":54},"end":{"line":404,"column":null}}],"line":404}},"s":{"0":1,"1":62,"2":62,"3":8,"4":54,"5":8,"6":46,"7":14,"8":14,"9":2,"10":12,"11":2,"12":10,"13":21,"14":21,"15":3,"16":18,"17":3,"18":15,"19":14,"20":0,"21":14,"22":14,"23":0,"24":14,"25":14,"26":14,"27":14,"28":10,"29":10,"30":10,"31":10,"32":10,"33":10,"34":10,"35":10,"36":3,"37":3,"38":3,"39":3,"40":3,"41":3,"42":0,"43":3,"44":3,"45":3,"46":3,"47":3,"48":3,"49":3,"50":0,"51":0,"52":0,"53":0,"54":3,"55":3,"56":10,"57":8,"58":5,"59":10,"60":7,"61":10,"62":2,"63":0,"64":2,"65":2,"66":2,"67":2,"68":2,"69":2,"70":0,"71":2,"72":2,"73":2,"74":2,"75":2,"76":0,"77":0,"78":2,"79":10,"80":10,"81":10,"82":0,"83":7,"84":7,"85":7,"86":7,"87":0,"88":0,"89":0,"90":0,"91":0,"92":0,"93":0,"94":0,"95":0,"96":1,"97":1},"f":{"0":62,"1":14,"2":21,"3":14,"4":14,"5":14,"6":14,"7":10,"8":3,"9":3,"10":3,"11":8,"12":5,"13":7,"14":2,"15":2,"16":2,"17":0,"18":7,"19":0,"20":0,"21":0,"22":1,"23":1},"b":{"0":[1,0],"1":[62,3],"2":[8,54],"3":[62,54],"4":[8,46],"5":[54,46],"6":[2,12],"7":[2,10],"8":[3,18],"9":[3,15],"10":[0,14],"11":[0,14],"12":[14,0],"13":[0,0],"14":[14,0],"15":[14,0],"16":[0,0],"17":[0,3],"18":[3,0],"19":[3,0],"20":[0,0],"21":[0,0],"22":[8,3],"23":[0,2],"24":[2,0],"25":[2,0],"26":[2,0],"27":[2,0],"28":[0,2],"29":[2,0],"30":[2,0],"31":[2,0],"32":[2,0],"33":[1,1],"34":[0,0],"35":[10,0],"36":[10,2],"37":[3,7],"38":[0,7],"39":[7,0],"40":[7,5],"41":[7,5],"42":[7,0],"43":[7,0],"44":[7,5],"45":[7,1],"46":[7,1],"47":[7,5],"48":[2,5],"49":[7,5],"50":[2,5]},"meta":{"lastBranch":51,"lastFunction":24,"lastStatement":98,"seen":{"s:4:22:4:Infinity":0,"b:4:22:4:62:4:62:4:Infinity":0,"f:36:9:36:25":0,"s:37:8:37:51":1,"b:37:17:37:27:37:27:37:38":1,"b:39:2:39:Infinity:undefined:undefined:undefined:undefined":2,"s:39:2:39:Infinity":2,"b:39:6:39:30:39:30:39:52":3,"s:39:52:39:Infinity":3,"b:40:2:40:Infinity:undefined:undefined:undefined:undefined":4,"s:40:2:40:Infinity":4,"b:40:6:40:30:40:30:40:53":5,"s:40:53:40:Infinity":5,"s:41:2:41:Infinity":6,"f:44:9:44:24":1,"s:45:21:45:44":7,"b:47:2:47:Infinity:undefined:undefined:undefined:undefined":6,"s:47:2:47:Infinity":8,"s:47:33:47:Infinity":9,"b:48:2:48:Infinity:undefined:undefined:undefined:undefined":7,"s:48:2:48:Infinity":10,"s:48:33:48:Infinity":11,"s:49:2:49:Infinity":12,"f:52:9:52:26":2,"s:53:21:53:44":13,"b:55:2:56:Infinity:undefined:undefined:undefined:undefined":8,"s:55:2:56:Infinity":14,"s:56:4:56:Infinity":15,"b:59:2:60:Infinity:undefined:undefined:undefined:undefined":9,"s:59:2:60:Infinity":16,"s:60:4:60:Infinity":17,"s:63:2:63:Infinity":18,"f:66:9:66:20":3,"b:67:2:67:Infinity:undefined:undefined:undefined:undefined":10,"s:67:2:67:Infinity":19,"s:67:13:67:Infinity":20,"s:69:17:69:31":21,"b:71:2:71:Infinity:undefined:undefined:undefined:undefined":11,"s:71:2:71:Infinity":22,"s:71:38:71:Infinity":23,"s:73:2:77:Infinity":24,"f:80:9:80:24":4,"s:81:2:81:Infinity":25,"b:81:9:81:35:81:35:81:Infinity":12,"b:81:49:81:71:81:71:81:Infinity":13,"f:84:9:84:25":5,"s:85:2:85:Infinity":26,"b:85:9:85:36:85:36:85:Infinity":14,"f:88:9:88:20":6,"s:89:2:89:Infinity":27,"b:89:9:89:31:89:31:89:Infinity":15,"b:89:43:89:61:89:61:89:Infinity":16,"f:92:24:92:55":7,"s:93:8:93:32":28,"s:95:19:95:65":29,"s:96:28:96:81":30,"s:97:20:97:50":31,"s:98:21:98:53":32,"s:99:23:99:54":33,"s:100:25:100:58":34,"s:102:2:141:Infinity":35,"f:102:2:102:18":8,"s:103:26:136:Infinity":36,"f:103:26:103:38":9,"s:104:6:136:Infinity":37,"s:105:8:105:Infinity":38,"s:106:8:106:Infinity":39,"s:108:25:108:73":40,"b:110:8:111:Infinity:undefined:undefined:undefined:undefined":17,"s:110:8:111:Infinity":41,"s:111:10:111:Infinity":42,"s:114:21:114:42":43,"s:115:28:115:59":44,"b:115:50:115:57:115:57:115:59":18,"s:117:8:117:Infinity":45,"s:119:29:120:Infinity":46,"f:119:41:119:Infinity":10,"s:120:40:120:Infinity":47,"b:123:8:126:Infinity:125:19:126:Infinity":19,"s:123:8:126:Infinity":48,"s:124:10:124:Infinity":49,"b:125:19:126:Infinity:undefined:undefined:undefined:undefined":20,"s:125:19:126:Infinity":50,"s:126:10:126:Infinity":51,"s:129:8:129:Infinity":52,"s:130:8:134:Infinity":53,"b:132:14:132:Infinity:133:14:133:Infinity":21,"s:136:8:136:Infinity":54,"s:140:4:140:Infinity":55,"s:143:8:145:Infinity":56,"f:143:26:143:Infinity":11,"s:144:10:144:Infinity":57,"b:144:10:144:70:144:74:144:Infinity":22,"f:144:19:144:25":12,"s:144:37:144:70":58,"s:148:23:150:Infinity":59,"f:148:32:148:Infinity":13,"s:149:17:149:Infinity":60,"s:152:30:208:Infinity":61,"f:152:30:152:37":14,"b:153:4:153:Infinity:undefined:undefined:undefined:undefined":23,"s:153:4:153:Infinity":62,"s:153:26:153:Infinity":63,"s:155:4:155:Infinity":64,"s:156:4:156:Infinity":65,"s:157:4:157:Infinity":66,"s:159:4:208:Infinity":67,"s:160:23:173:8":68,"b:167:23:167:54:167:54:167:Infinity":24,"b:169:20:169:48:169:48:169:Infinity":25,"b:170:21:170:50:170:50:170:Infinity":26,"b:171:17:171:42:171:42:171:Infinity":27,"b:175:6:176:Infinity:undefined:undefined:undefined:undefined":28,"s:175:6:176:Infinity":69,"s:176:8:176:Infinity":70,"s:179:29:179:50":71,"s:181:6:193:Infinity":72,"f:181:6:181:19":15,"s:182:8:191:Infinity":73,"f:182:21:182:26":16,"s:183:10:191:Infinity":74,"b:184:14:190:Infinity:191:14:191:Infinity":29,"b:187:24:187:49:187:49:187:Infinity":30,"b:188:25:188:51:188:51:188:Infinity":31,"b:189:21:189:43:189:43:189:Infinity":32,"s:195:6:199:Infinity":75,"b:197:12:197:Infinity:198:12:198:Infinity":33,"s:201:6:201:Infinity":76,"s:202:6:206:Infinity":77,"b:204:12:204:Infinity:205:12:205:Infinity":34,"s:208:6:208:Infinity":78,"s:212:25:212:65":79,"s:213:28:213:Infinity":80,"s:215:2:415:Infinity":81,"f:220:12:220:27":17,"s:220:27:220:39":82,"b:233:9:233:Infinity:234:10:236:Infinity":35,"b:239:9:239:Infinity:240:10:242:Infinity":36,"b:246:10:249:21:249:12:415:Infinity":37,"b:250:10:256:11:256:10:415:Infinity":38,"f:264:26:264:31":18,"s:265:37:265:Infinity":83,"s:266:43:266:74":84,"s:267:43:267:Infinity":85,"s:269:18:330:Infinity":86,"b:274:28:274:Infinity:275:28:275:Infinity":39,"f:277:22:277:37":19,"s:278:24:278:Infinity":87,"s:279:24:279:Infinity":88,"s:280:24:280:Infinity":89,"b:307:36:307:57:307:57:307:Infinity":40,"f:308:26:308:36":20,"s:309:28:309:Infinity":90,"s:310:28:310:Infinity":91,"s:311:28:311:Infinity":92,"b:319:36:319:57:319:57:319:Infinity":41,"f:320:26:320:36":21,"s:321:28:321:Infinity":93,"s:322:28:322:Infinity":94,"s:323:28:323:Infinity":95,"b:338:16:407:Infinity:409:16:412:Infinity":42,"b:376:23:376:51:376:51:376:Infinity":43,"b:383:23:383:55:383:55:383:Infinity":44,"b:384:23:384:56:384:56:384:Infinity":45,"b:385:23:385:56:385:56:385:Infinity":46,"b:392:32:392:54:392:54:392:Infinity":47,"f:393:22:393:37":22,"s:393:37:393:68":96,"b:396:36:396:54:396:54:396:Infinity":48,"b:400:32:400:54:400:54:400:Infinity":49,"f:401:22:401:37":23,"s:401:37:401:68":97,"b:404:36:404:54:404:54:404:Infinity":50}}}
,"/home/leo/GitHub/mdp/MP_202610_G81_E2_Front/src/pages/RegisterScreen.tsx": {"path":"/home/leo/GitHub/mdp/MP_202610_G81_E2_Front/src/pages/RegisterScreen.tsx","statementMap":{"0":{"start":{"line":5,"column":19},"end":{"line":12,"column":4}},"1":{"start":{"line":14,"column":17},"end":{"line":14,"column":66}},"2":{"start":{"line":15,"column":8},"end":{"line":15,"column":32}},"3":{"start":{"line":17,"column":8},"end":{"line":18,"column":null}},"4":{"start":{"line":18,"column":4},"end":{"line":18,"column":null}},"5":{"start":{"line":21,"column":23},"end":{"line":63,"column":null}},"6":{"start":{"line":22,"column":4},"end":{"line":22,"column":null}},"7":{"start":{"line":23,"column":46},"end":{"line":23,"column":48}},"8":{"start":{"line":25,"column":4},"end":{"line":25,"column":null}},"9":{"start":{"line":25,"column":24},"end":{"line":25,"column":null}},"10":{"start":{"line":26,"column":4},"end":{"line":26,"column":null}},"11":{"start":{"line":26,"column":25},"end":{"line":26,"column":null}},"12":{"start":{"line":28,"column":4},"end":{"line":29,"column":null}},"13":{"start":{"line":29,"column":6},"end":{"line":29,"column":null}},"14":{"start":{"line":32,"column":4},"end":{"line":33,"column":null}},"15":{"start":{"line":33,"column":6},"end":{"line":33,"column":null}},"16":{"start":{"line":36,"column":4},"end":{"line":38,"column":null}},"17":{"start":{"line":37,"column":6},"end":{"line":37,"column":null}},"18":{"start":{"line":38,"column":6},"end":{"line":38,"column":null}},"19":{"start":{"line":41,"column":4},"end":{"line":63,"column":null}},"20":{"start":{"line":42,"column":23},"end":{"line":52,"column":8}},"21":{"start":{"line":54,"column":6},"end":{"line":60,"column":null}},"22":{"start":{"line":55,"column":8},"end":{"line":55,"column":null}},"23":{"start":{"line":56,"column":8},"end":{"line":56,"column":null}},"24":{"start":{"line":57,"column":17},"end":{"line":60,"column":null}},"25":{"start":{"line":58,"column":8},"end":{"line":58,"column":null}},"26":{"start":{"line":60,"column":8},"end":{"line":60,"column":null}},"27":{"start":{"line":63,"column":6},"end":{"line":63,"column":null}},"28":{"start":{"line":67,"column":2},"end":{"line":169,"column":null}}},"fnMap":{"0":{"name":"RegisterScreen","decl":{"start":{"line":4,"column":16},"end":{"line":4,"column":33}},"loc":{"start":{"line":4,"column":33},"end":{"line":169,"column":null}},"line":4},"1":{"name":"(anonymous_1)","decl":{"start":{"line":17,"column":8},"end":{"line":17,"column":24}},"loc":{"start":{"line":17,"column":69},"end":{"line":18,"column":null}},"line":17},"2":{"name":"(anonymous_2)","decl":{"start":{"line":21,"column":23},"end":{"line":21,"column":30}},"loc":{"start":{"line":21,"column":69},"end":{"line":63,"column":null}},"line":21}},"branchMap":{"0":{"loc":{"start":{"line":25,"column":4},"end":{"line":25,"column":null}},"type":"if","locations":[{"start":{"line":25,"column":4},"end":{"line":25,"column":null}},{"start":{},"end":{}}],"line":25},"1":{"loc":{"start":{"line":26,"column":4},"end":{"line":26,"column":null}},"type":"if","locations":[{"start":{"line":26,"column":4},"end":{"line":26,"column":null}},{"start":{},"end":{}}],"line":26},"2":{"loc":{"start":{"line":28,"column":4},"end":{"line":29,"column":null}},"type":"if","locations":[{"start":{"line":28,"column":4},"end":{"line":29,"column":null}},{"start":{},"end":{}}],"line":28},"3":{"loc":{"start":{"line":32,"column":4},"end":{"line":33,"column":null}},"type":"if","locations":[{"start":{"line":32,"column":4},"end":{"line":33,"column":null}},{"start":{},"end":{}}],"line":32},"4":{"loc":{"start":{"line":36,"column":4},"end":{"line":38,"column":null}},"type":"if","locations":[{"start":{"line":36,"column":4},"end":{"line":38,"column":null}},{"start":{},"end":{}}],"line":36},"5":{"loc":{"start":{"line":42,"column":39},"end":{"line":42,"column":107}},"type":"binary-expr","locations":[{"start":{"line":42,"column":39},"end":{"line":42,"column":79}},{"start":{"line":42,"column":79},"end":{"line":42,"column":107}}],"line":42},"6":{"loc":{"start":{"line":54,"column":6},"end":{"line":60,"column":null}},"type":"if","locations":[{"start":{"line":54,"column":6},"end":{"line":60,"column":null}},{"start":{"line":57,"column":17},"end":{"line":60,"column":null}}],"line":54},"7":{"loc":{"start":{"line":57,"column":17},"end":{"line":60,"column":null}},"type":"if","locations":[{"start":{"line":57,"column":17},"end":{"line":60,"column":null}},{"start":{"line":59,"column":13},"end":{"line":60,"column":null}}],"line":57},"8":{"loc":{"start":{"line":57,"column":17},"end":{"line":57,"column":96}},"type":"binary-expr","locations":[{"start":{"line":57,"column":17},"end":{"line":57,"column":44}},{"start":{"line":57,"column":44},"end":{"line":57,"column":71}},{"start":{"line":57,"column":71},"end":{"line":57,"column":96}}],"line":57},"9":{"loc":{"start":{"line":83,"column":92},"end":{"line":83,"column":null}},"type":"cond-expr","locations":[{"start":{"line":83,"column":106},"end":{"line":83,"column":137}},{"start":{"line":83,"column":137},"end":{"line":83,"column":null}}],"line":83},"10":{"loc":{"start":{"line":87,"column":11},"end":{"line":87,"column":null}},"type":"binary-expr","locations":[{"start":{"line":87,"column":11},"end":{"line":87,"column":26}},{"start":{"line":87,"column":26},"end":{"line":87,"column":null}}],"line":87},"11":{"loc":{"start":{"line":97,"column":92},"end":{"line":97,"column":null}},"type":"cond-expr","locations":[{"start":{"line":97,"column":107},"end":{"line":97,"column":138}},{"start":{"line":97,"column":138},"end":{"line":97,"column":null}}],"line":97},"12":{"loc":{"start":{"line":101,"column":11},"end":{"line":101,"column":null}},"type":"binary-expr","locations":[{"start":{"line":101,"column":11},"end":{"line":101,"column":27}},{"start":{"line":101,"column":27},"end":{"line":101,"column":null}}],"line":101},"13":{"loc":{"start":{"line":111,"column":92},"end":{"line":111,"column":null}},"type":"cond-expr","locations":[{"start":{"line":111,"column":110},"end":{"line":111,"column":141}},{"start":{"line":111,"column":141},"end":{"line":111,"column":null}}],"line":111},"14":{"loc":{"start":{"line":115,"column":11},"end":{"line":115,"column":null}},"type":"binary-expr","locations":[{"start":{"line":115,"column":11},"end":{"line":115,"column":30}},{"start":{"line":115,"column":30},"end":{"line":115,"column":null}}],"line":115},"15":{"loc":{"start":{"line":125,"column":92},"end":{"line":125,"column":null}},"type":"cond-expr","locations":[{"start":{"line":125,"column":117},"end":{"line":125,"column":148}},{"start":{"line":125,"column":148},"end":{"line":125,"column":null}}],"line":125},"16":{"loc":{"start":{"line":129,"column":11},"end":{"line":129,"column":null}},"type":"binary-expr","locations":[{"start":{"line":129,"column":11},"end":{"line":129,"column":37}},{"start":{"line":129,"column":37},"end":{"line":129,"column":null}}],"line":129}},"s":{"0":192,"1":192,"2":192,"3":192,"4":182,"5":192,"6":5,"7":5,"8":5,"9":1,"10":5,"11":1,"12":5,"13":1,"14":5,"15":1,"16":5,"17":2,"18":2,"19":3,"20":3,"21":2,"22":1,"23":1,"24":1,"25":1,"26":0,"27":1,"28":192},"f":{"0":192,"1":182,"2":5},"b":{"0":[1,4],"1":[1,4],"2":[1,4],"3":[1,4],"4":[2,3],"5":[3,0],"6":[1,1],"7":[1,0],"8":[1,0,0],"9":[1,191],"10":[192,1],"11":[2,190],"12":[192,2],"13":[1,191],"14":[192,1],"15":[1,191],"16":[192,1]},"meta":{"lastBranch":17,"lastFunction":3,"lastStatement":29,"seen":{"f:4:16:4:33":0,"s:5:19:12:4":0,"s:14:17:14:66":1,"s:15:8:15:32":2,"s:17:8:18:Infinity":3,"f:17:8:17:24":1,"s:18:4:18:Infinity":4,"s:21:23:63:Infinity":5,"f:21:23:21:30":2,"s:22:4:22:Infinity":6,"s:23:46:23:48":7,"b:25:4:25:Infinity:undefined:undefined:undefined:undefined":0,"s:25:4:25:Infinity":8,"s:25:24:25:Infinity":9,"b:26:4:26:Infinity:undefined:undefined:undefined:undefined":1,"s:26:4:26:Infinity":10,"s:26:25:26:Infinity":11,"b:28:4:29:Infinity:undefined:undefined:undefined:undefined":2,"s:28:4:29:Infinity":12,"s:29:6:29:Infinity":13,"b:32:4:33:Infinity:undefined:undefined:undefined:undefined":3,"s:32:4:33:Infinity":14,"s:33:6:33:Infinity":15,"b:36:4:38:Infinity:undefined:undefined:undefined:undefined":4,"s:36:4:38:Infinity":16,"s:37:6:37:Infinity":17,"s:38:6:38:Infinity":18,"s:41:4:63:Infinity":19,"s:42:23:52:8":20,"b:42:39:42:79:42:79:42:107":5,"b:54:6:60:Infinity:57:17:60:Infinity":6,"s:54:6:60:Infinity":21,"s:55:8:55:Infinity":22,"s:56:8:56:Infinity":23,"b:57:17:60:Infinity:59:13:60:Infinity":7,"s:57:17:60:Infinity":24,"b:57:17:57:44:57:44:57:71:57:71:57:96":8,"s:58:8:58:Infinity":25,"s:60:8:60:Infinity":26,"s:63:6:63:Infinity":27,"s:67:2:169:Infinity":28,"b:83:106:83:137:83:137:83:Infinity":9,"b:87:11:87:26:87:26:87:Infinity":10,"b:97:107:97:138:97:138:97:Infinity":11,"b:101:11:101:27:101:27:101:Infinity":12,"b:111:110:111:141:111:141:111:Infinity":13,"b:115:11:115:30:115:30:115:Infinity":14,"b:125:117:125:148:125:148:125:Infinity":15,"b:129:11:129:37:129:37:129:Infinity":16}}}
}
