TN:
SF:src/constants/breeds.ts
FNF:0
FNH:0
DA:1,1
LF:1
LH:1
BRF:0
BRH:0
end_of_record
TN:
SF:src/pages/AdoptionRequestScreen.tsx
FN:24,AdoptionRequestScreen
FN:42,(anonymous_1)
FN:43,(anonymous_2)
FN:55,(anonymous_3)
FN:77,(anonymous_4)
FN:78,(anonymous_5)
FN:85,(anonymous_6)
FN:136,(anonymous_7)
FN:145,(anonymous_8)
FN:215,(anonymous_9)
FN:243,(anonymous_10)
FN:257,(anonymous_11)
FNF:12
FNH:10
FNDA:29,AdoptionRequestScreen
FNDA:3,(anonymous_1)
FNDA:3,(anonymous_2)
FNDA:2,(anonymous_3)
FNDA:5,(anonymous_4)
FNDA:2,(anonymous_5)
FNDA:2,(anonymous_6)
FNDA:29,(anonymous_7)
FNDA:26,(anonymous_8)
FNDA:0,(anonymous_9)
FNDA:21,(anonymous_10)
FNDA:0,(anonymous_11)
DA:22,1
DA:25,29
DA:28,29
DA:29,29
DA:32,29
DA:33,29
DA:34,29
DA:35,29
DA:36,29
DA:39,29
DA:42,29
DA:43,3
DA:44,3
DA:45,3
DA:46,3
DA:48,3
DA:49,0
DA:52,3
DA:55,3
DA:56,2
DA:59,3
DA:62,3
DA:63,2
DA:66,0
DA:67,0
DA:69,3
DA:73,3
DA:77,29
DA:78,5
DA:82,29
DA:85,29
DA:86,2
DA:88,2
DA:89,2
DA:91,2
DA:92,0
DA:93,0
DA:96,2
DA:97,1
DA:98,1
DA:101,1
DA:102,1
DA:104,1
DA:117,1
DA:118,0
DA:121,1
DA:122,1
DA:126,0
DA:132,1
DA:136,29
DA:137,29
DA:138,3
DA:141,26
DA:142,0
DA:145,26
DA:146,26
DA:152,29
DA:215,0
DA:243,21
DA:257,0
LF:60
LH:50
BRDA:22,0,0,1
BRDA:22,0,1,0
BRDA:48,1,0,0
BRDA:48,1,1,3
BRDA:56,2,0,2
BRDA:56,2,1,0
BRDA:62,3,0,2
BRDA:62,3,1,1
BRDA:91,4,0,0
BRDA:91,4,1,2
BRDA:91,5,0,2
BRDA:91,5,1,2
BRDA:96,6,0,1
BRDA:96,6,1,1
BRDA:117,7,0,0
BRDA:117,7,1,1
BRDA:127,8,0,0
BRDA:127,8,1,0
BRDA:137,9,0,3
BRDA:137,9,1,26
BRDA:141,10,0,0
BRDA:141,10,1,26
BRDA:147,11,0,26
BRDA:147,11,1,2
BRDA:172,12,0,3
BRDA:172,12,1,26
BRDA:172,13,0,26
BRDA:172,13,1,0
BRDA:178,14,0,29
BRDA:178,14,1,5
BRDA:183,15,0,29
BRDA:183,15,1,29
BRDA:183,15,2,29
BRDA:187,16,0,29
BRDA:187,16,1,5
BRDA:191,17,0,29
BRDA:191,17,1,29
BRDA:195,18,0,26
BRDA:195,18,1,3
BRDA:216,19,0,29
BRDA:216,19,1,26
BRDA:249,20,0,29
BRDA:249,20,1,1
BRDA:265,21,0,29
BRDA:265,21,1,1
BRDA:276,22,0,29
BRDA:276,22,1,28
BRDA:279,23,0,1
BRDA:279,23,1,28
BRF:49
BRH:40
end_of_record
TN:
SF:src/pages/CreatePetScreen.tsx
FN:23,CreatePetScreen
FN:49,(anonymous_1)
FN:58,(anonymous_2)
FN:74,(anonymous_3)
FN:79,(anonymous_4)
FN:132,(anonymous_5)
FN:147,(anonymous_6)
FN:169,(anonymous_7)
FN:329,(anonymous_8)
FN:451,(anonymous_9)
FNF:10
FNH:8
FNDA:229,CreatePetScreen
FNDA:216,(anonymous_1)
FNDA:216,(anonymous_2)
FNDA:0,(anonymous_3)
FNDA:6,(anonymous_4)
FNDA:0,(anonymous_5)
FNDA:1,(anonymous_6)
FNDA:1,(anonymous_7)
FNDA:17484,(anonymous_8)
FNDA:1,(anonymous_9)
DA:24,229
DA:27,229
DA:45,229
DA:46,229
DA:49,229
DA:52,216
DA:55,216
DA:56,216
DA:58,216
DA:59,216
DA:61,216
DA:62,5
DA:63,5
DA:64,5
DA:67,216
DA:68,5
DA:70,216
DA:73,216
DA:74,0
DA:79,229
DA:80,6
DA:81,6
DA:83,6
DA:84,6
DA:85,6
DA:87,6
DA:88,6
DA:89,6
DA:91,6
DA:92,6
DA:93,0
DA:96,6
DA:97,6
DA:99,6
DA:100,1
DA:101,1
DA:104,5
DA:105,5
DA:106,6
DA:108,6
DA:123,6
DA:129,4
DA:130,3
DA:132,1
DA:133,1
DA:134,1
DA:137,1
DA:138,1
DA:142,229
DA:147,1
DA:169,1
DA:330,17484
DA:451,1
LF:53
LH:51
BRDA:56,0,0,6
BRDA:56,0,1,210
BRDA:61,1,0,5
BRDA:61,1,1,211
BRDA:67,2,0,5
BRDA:67,2,1,211
BRDA:73,3,0,0
BRDA:73,3,1,216
BRDA:83,4,0,1
BRDA:83,4,1,5
BRDA:84,5,0,1
BRDA:84,5,1,5
BRDA:85,6,0,0
BRDA:85,6,1,6
BRDA:85,7,0,6
BRDA:85,7,1,0
BRDA:87,8,0,1
BRDA:87,8,1,5
BRDA:88,9,0,1
BRDA:88,9,1,5
BRDA:89,10,0,1
BRDA:89,10,1,5
BRDA:91,11,0,1
BRDA:91,11,1,5
BRDA:91,12,0,6
BRDA:91,12,1,6
BRDA:92,13,0,0
BRDA:92,13,1,6
BRDA:92,14,0,6
BRDA:92,14,1,6
BRDA:92,14,2,0
BRDA:96,15,0,1
BRDA:96,15,1,5
BRDA:97,16,0,1
BRDA:97,16,1,5
BRDA:99,17,0,1
BRDA:99,17,1,5
BRDA:105,18,0,0
BRDA:105,18,1,5
BRDA:106,19,0,0
BRDA:106,19,1,5
BRDA:106,20,0,6
BRDA:106,20,1,5
BRDA:123,21,0,6
BRDA:123,21,1,0
BRDA:129,22,0,3
BRDA:129,22,1,1
BRDA:158,23,0,3
BRDA:158,23,1,226
BRDA:191,24,0,1
BRDA:191,24,1,225
BRDA:195,25,0,226
BRDA:195,25,1,1
BRDA:208,26,0,1
BRDA:208,26,1,225
BRDA:216,27,0,226
BRDA:216,27,1,1
BRDA:218,28,0,226
BRDA:218,28,1,0
BRDA:229,29,0,0
BRDA:229,29,1,0
BRDA:233,30,0,0
BRDA:233,30,1,0
BRDA:248,31,0,1
BRDA:248,31,1,225
BRDA:256,32,0,226
BRDA:256,32,1,1
BRDA:268,33,0,1
BRDA:268,33,1,225
BRDA:275,34,0,226
BRDA:275,34,1,1
BRDA:287,35,0,1
BRDA:287,35,1,225
BRDA:296,36,0,226
BRDA:296,36,1,1
BRDA:303,37,0,0
BRDA:303,37,1,226
BRDA:311,38,0,0
BRDA:311,38,1,0
BRDA:315,39,0,0
BRDA:315,39,1,0
BRDA:325,40,0,1
BRDA:325,40,1,225
BRDA:329,41,0,226
BRDA:329,41,1,188
BRDA:333,42,0,226
BRDA:333,42,1,1
BRDA:334,43,0,226
BRDA:334,43,1,38
BRDA:336,44,0,226
BRDA:336,44,1,0
BRDA:347,45,0,0
BRDA:347,45,1,0
BRDA:351,46,0,0
BRDA:351,46,1,0
BRDA:410,47,0,1
BRDA:410,47,1,225
BRDA:414,48,0,226
BRDA:414,48,1,1
BRDA:438,49,0,1
BRDA:438,49,1,225
BRDA:445,50,0,226
BRDA:445,50,1,1
BRF:103
BRH:80
end_of_record
TN:
SF:src/pages/CreateReviewScreen.tsx
FN:44,CreateReviewScreen
FN:73,(anonymous_1)
FN:74,(anonymous_2)
FN:90,(anonymous_3)
FN:131,(anonymous_4)
FN:132,(anonymous_5)
FN:154,(anonymous_6)
FN:155,(anonymous_7)
FN:160,(anonymous_8)
FN:224,(anonymous_9)
FN:230,(anonymous_10)
FN:239,(anonymous_11)
FN:248,(anonymous_12)
FN:263,(anonymous_13)
FN:329,(anonymous_14)
FN:352,(anonymous_15)
FN:381,(anonymous_16)
FN:465,(anonymous_17)
FNF:18
FNH:16
FNDA:52,CreateReviewScreen
FNDA:12,(anonymous_1)
FNDA:12,(anonymous_2)
FNDA:5,(anonymous_3)
FNDA:12,(anonymous_4)
FNDA:12,(anonymous_5)
FNDA:19,(anonymous_6)
FNDA:4,(anonymous_7)
FNDA:3,(anonymous_8)
FNDA:55,(anonymous_9)
FNDA:36,(anonymous_10)
FNDA:52,(anonymous_11)
FNDA:36,(anonymous_12)
FNDA:0,(anonymous_13)
FNDA:0,(anonymous_14)
FNDA:2,(anonymous_15)
FNDA:25,(anonymous_16)
FNDA:3,(anonymous_17)
DA:42,1
DA:45,52
DA:48,52
DA:49,52
DA:52,52
DA:53,52
DA:54,52
DA:55,52
DA:56,52
DA:57,52
DA:60,52
DA:61,52
DA:64,52
DA:66,52
DA:73,52
DA:74,12
DA:75,12
DA:76,12
DA:77,12
DA:79,12
DA:80,0
DA:83,12
DA:86,12
DA:89,12
DA:92,5
DA:93,2
DA:94,2
DA:95,2
DA:96,2
DA:102,5
DA:111,12
DA:113,12
DA:114,4
DA:117,0
DA:118,0
DA:122,12
DA:126,12
DA:131,52
DA:132,12
DA:133,12
DA:134,12
DA:135,12
DA:137,12
DA:138,0
DA:141,12
DA:142,12
DA:144,0
DA:146,12
DA:150,12
DA:154,52
DA:155,19
DA:160,52
DA:161,3
DA:162,3
DA:163,3
DA:165,3
DA:166,0
DA:169,0
DA:172,3
DA:173,0
DA:174,0
DA:177,3
DA:178,1
DA:179,1
DA:182,2
DA:183,2
DA:185,2
DA:199,2
DA:200,1
DA:203,1
DA:204,1
DA:205,1
DA:208,1
DA:209,1
DA:210,1
DA:213,1
DA:219,2
DA:224,52
DA:225,55
DA:226,32
DA:227,0
DA:230,52
DA:231,36
DA:232,23
DA:233,12
DA:234,1
DA:235,0
DA:239,52
DA:240,52
DA:241,14
DA:244,38
DA:245,3
DA:248,35
DA:249,36
DA:257,52
DA:263,0
DA:329,0
DA:352,2
DA:381,25
DA:466,3
LF:100
LH:87
BRDA:42,0,0,1
BRDA:42,0,1,0
BRDA:79,1,0,0
BRDA:79,1,1,12
BRDA:86,2,0,4
BRDA:86,2,1,8
BRDA:92,3,0,2
BRDA:92,3,1,3
BRDA:95,4,0,2
BRDA:95,4,1,0
BRDA:113,5,0,4
BRDA:113,5,1,8
BRDA:137,6,0,0
BRDA:137,6,1,12
BRDA:165,7,0,0
BRDA:165,7,1,3
BRDA:165,8,0,3
BRDA:165,8,1,3
BRDA:172,9,0,0
BRDA:172,9,1,3
BRDA:172,10,0,3
BRDA:172,10,1,3
BRDA:177,11,0,1
BRDA:177,11,1,2
BRDA:199,12,0,1
BRDA:199,12,1,1
BRDA:209,13,0,1
BRDA:209,13,1,0
BRDA:214,14,0,1
BRDA:214,14,1,0
BRDA:225,15,0,23
BRDA:225,15,1,32
BRDA:226,16,0,32
BRDA:226,16,1,0
BRDA:231,17,0,23
BRDA:231,17,1,12
BRDA:231,17,2,1
BRDA:231,17,3,0
BRDA:240,18,0,14
BRDA:240,18,1,38
BRDA:244,19,0,3
BRDA:244,19,1,35
BRDA:251,20,0,2
BRDA:251,20,1,34
BRDA:252,21,0,36
BRDA:252,21,1,0
BRDA:285,22,0,0
BRDA:285,22,1,52
BRDA:297,23,0,14
BRDA:297,23,1,38
BRDA:299,24,0,38
BRDA:299,24,1,37
BRDA:302,25,0,52
BRDA:302,25,1,51
BRDA:304,26,0,52
BRDA:304,26,1,35
BRDA:330,27,0,52
BRDA:330,27,1,38
BRDA:404,28,0,52
BRDA:404,28,1,1
BRDA:423,29,0,52
BRDA:423,29,1,2
BRDA:443,30,0,52
BRDA:443,30,1,50
BRDA:446,31,0,2
BRDA:446,31,1,50
BRDA:457,32,0,14
BRDA:457,32,1,38
BRDA:459,33,0,36
BRDA:459,33,1,2
BRDA:473,34,0,3
BRDA:473,34,1,1
BRDA:474,35,0,1
BRDA:474,35,1,0
BRDA:477,36,0,3
BRDA:477,36,1,3
BRF:76
BRH:63
end_of_record
TN:
SF:src/pages/CreateShelterScreen.tsx
FN:19,CreateShelterScreen
FN:38,(anonymous_1)
FN:43,(anonymous_2)
FN:46,(anonymous_3)
FN:50,(anonymous_4)
FN:108,(anonymous_5)
FN:132,(anonymous_6)
FN:316,(anonymous_7)
FNF:8
FNH:5
FNDA:164,CreateShelterScreen
FNDA:155,(anonymous_1)
FNDA:155,(anonymous_2)
FNDA:0,(anonymous_3)
FNDA:5,(anonymous_4)
FNDA:1,(anonymous_5)
FNDA:0,(anonymous_6)
FNDA:0,(anonymous_7)
DA:4,1
DA:20,164
DA:22,164
DA:35,164
DA:36,164
DA:38,164
DA:41,155
DA:43,155
DA:45,155
DA:46,0
DA:50,164
DA:51,5
DA:52,5
DA:54,5
DA:55,5
DA:56,5
DA:57,5
DA:58,5
DA:60,5
DA:61,1
DA:62,4
DA:63,0
DA:66,5
DA:67,1
DA:68,1
DA:71,4
DA:72,4
DA:84,4
DA:92,3
DA:93,2
DA:95,1
DA:98,1
DA:99,1
DA:103,164
DA:108,1
DA:132,0
DA:316,0
LF:37
LH:33
BRDA:4,0,0,1
BRDA:4,0,1,0
BRDA:45,1,0,0
BRDA:45,1,1,155
BRDA:54,2,0,1
BRDA:54,2,1,4
BRDA:55,3,0,1
BRDA:55,3,1,4
BRDA:56,4,0,1
BRDA:56,4,1,4
BRDA:57,5,0,1
BRDA:57,5,1,4
BRDA:58,6,0,1
BRDA:58,6,1,4
BRDA:60,7,0,1
BRDA:60,7,1,4
BRDA:62,8,0,0
BRDA:62,8,1,4
BRDA:66,9,0,1
BRDA:66,9,1,4
BRDA:92,10,0,2
BRDA:92,10,1,1
BRDA:119,11,0,2
BRDA:119,11,1,162
BRDA:153,12,0,1
BRDA:153,12,1,161
BRDA:157,13,0,162
BRDA:157,13,1,1
BRDA:171,14,0,1
BRDA:171,14,1,161
BRDA:176,15,0,162
BRDA:176,15,1,1
BRDA:190,16,0,1
BRDA:190,16,1,161
BRDA:194,17,0,162
BRDA:194,17,1,1
BRDA:208,18,0,1
BRDA:208,18,1,161
BRDA:212,19,0,162
BRDA:212,19,1,1
BRDA:241,20,0,1
BRDA:241,20,1,161
BRDA:245,21,0,162
BRDA:245,21,1,1
BRDA:259,22,0,1
BRDA:259,22,1,161
BRDA:263,23,0,162
BRDA:263,23,1,1
BRF:48
BRH:45
end_of_record
TN:
SF:src/pages/LoginScreen.tsx
FN:4,LoginScreen
FN:11,(anonymous_1)
FN:62,(anonymous_2)
FN:87,(anonymous_3)
FN:89,(anonymous_4)
FN:106,(anonymous_5)
FN:108,(anonymous_6)
FNF:7
FNH:5
FNDA:121,LoginScreen
FNDA:7,(anonymous_1)
FNDA:1,(anonymous_2)
FNDA:62,(anonymous_3)
FNDA:0,(anonymous_4)
FNDA:40,(anonymous_5)
FNDA:0,(anonymous_6)
DA:5,121
DA:7,121
DA:8,121
DA:9,121
DA:11,121
DA:12,7
DA:13,7
DA:15,7
DA:16,2
DA:17,5
DA:18,1
DA:21,7
DA:22,2
DA:23,5
DA:24,1
DA:27,7
DA:28,3
DA:29,3
DA:32,4
DA:34,4
DA:35,4
DA:44,3
DA:45,1
DA:46,2
DA:47,1
DA:49,1
DA:52,1
DA:53,1
DA:57,121
DA:62,1
DA:88,62
DA:89,62
DA:107,40
DA:108,40
LF:34
LH:34
BRDA:15,0,0,2
BRDA:15,0,1,5
BRDA:17,1,0,1
BRDA:17,1,1,4
BRDA:21,2,0,2
BRDA:21,2,1,5
BRDA:23,3,0,1
BRDA:23,3,1,4
BRDA:27,4,0,3
BRDA:27,4,1,4
BRDA:35,5,0,4
BRDA:35,5,1,0
BRDA:44,6,0,1
BRDA:44,6,1,2
BRDA:46,7,0,1
BRDA:46,7,1,1
BRDA:46,8,0,2
BRDA:46,8,1,1
BRDA:74,9,0,121
BRDA:74,9,1,3
BRDA:89,10,0,0
BRDA:89,10,1,62
BRDA:91,11,0,3
BRDA:91,11,1,118
BRDA:95,12,0,121
BRDA:95,12,1,3
BRDA:108,13,0,0
BRDA:108,13,1,40
BRDA:110,14,0,3
BRDA:110,14,1,118
BRDA:114,15,0,121
BRDA:114,15,1,3
BRF:32
BRH:29
end_of_record
TN:
SF:src/pages/ManageAdoptionRequestsScreen.tsx
FN:36,normalizeStatus
FN:44,getStatusLabel
FN:52,getStatusClasses
FN:66,formatDate
FN:80,getAdopterName
FN:84,getAdopterEmail
FN:88,getPetName
FN:92,ManageAdoptionRequestsScreen
FN:102,(anonymous_8)
FN:103,(anonymous_9)
FN:119,(anonymous_10)
FN:143,(anonymous_11)
FN:144,(anonymous_12)
FN:148,(anonymous_13)
FN:152,(anonymous_14)
FN:181,(anonymous_15)
FN:182,(anonymous_16)
FN:220,(anonymous_17)
FN:264,(anonymous_18)
FN:277,(anonymous_19)
FN:308,(anonymous_20)
FN:320,(anonymous_21)
FN:393,(anonymous_22)
FN:401,(anonymous_23)
FNF:24
FNH:24
FNDA:170,normalizeStatus
FNDA:38,getStatusLabel
FNDA:56,getStatusClasses
FNDA:38,formatDate
FNDA:38,getAdopterName
FNDA:38,getAdopterEmail
FNDA:38,getPetName
FNDA:29,ManageAdoptionRequestsScreen
FNDA:9,(anonymous_8)
FNDA:9,(anonymous_9)
FNDA:7,(anonymous_10)
FNDA:22,(anonymous_11)
FNDA:13,(anonymous_12)
FNDA:20,(anonymous_13)
FNDA:5,(anonymous_14)
FNDA:4,(anonymous_15)
FNDA:4,(anonymous_16)
FNDA:1,(anonymous_17)
FNDA:20,(anonymous_18)
FNDA:1,(anonymous_19)
FNDA:1,(anonymous_20)
FNDA:1,(anonymous_21)
FNDA:2,(anonymous_22)
FNDA:1,(anonymous_23)
DA:4,1
DA:37,170
DA:39,170
DA:40,154
DA:41,138
DA:45,38
DA:47,38
DA:48,34
DA:49,30
DA:53,56
DA:55,56
DA:56,6
DA:59,50
DA:60,6
DA:63,44
DA:67,38
DA:69,38
DA:71,38
DA:73,38
DA:81,38
DA:85,38
DA:89,38
DA:93,29
DA:95,29
DA:96,29
DA:97,29
DA:98,29
DA:99,29
DA:100,29
DA:102,29
DA:103,9
DA:104,9
DA:105,9
DA:106,9
DA:108,9
DA:110,8
DA:111,0
DA:114,8
DA:115,8
DA:117,9
DA:119,9
DA:120,7
DA:123,9
DA:124,7
DA:125,1
DA:126,0
DA:129,1
DA:130,1
DA:136,9
DA:140,9
DA:143,29
DA:144,22
DA:148,29
DA:149,20
DA:152,29
DA:153,5
DA:155,5
DA:156,5
DA:157,5
DA:159,5
DA:160,5
DA:175,4
DA:176,0
DA:179,4
DA:181,4
DA:182,4
DA:183,4
DA:195,4
DA:201,1
DA:202,1
DA:208,5
DA:212,29
DA:213,29
DA:215,29
DA:220,1
DA:265,20
DA:266,20
DA:267,20
DA:269,20
DA:278,1
DA:279,1
DA:280,1
DA:309,1
DA:310,1
DA:311,1
DA:321,1
DA:322,1
DA:323,1
DA:393,2
DA:401,1
LF:90
LH:87
BRDA:4,0,0,1
BRDA:4,0,1,0
BRDA:37,1,0,170
BRDA:37,1,1,11
BRDA:39,2,0,16
BRDA:39,2,1,154
BRDA:39,3,0,170
BRDA:39,3,1,154
BRDA:40,4,0,16
BRDA:40,4,1,138
BRDA:40,5,0,154
BRDA:40,5,1,138
BRDA:47,6,0,4
BRDA:47,6,1,34
BRDA:48,7,0,4
BRDA:48,7,1,30
BRDA:55,8,0,6
BRDA:55,8,1,50
BRDA:59,9,0,6
BRDA:59,9,1,44
BRDA:67,10,0,0
BRDA:67,10,1,38
BRDA:71,11,0,0
BRDA:71,11,1,38
BRDA:81,12,0,38
BRDA:81,12,1,0
BRDA:81,13,0,0
BRDA:81,13,1,0
BRDA:85,14,0,38
BRDA:85,14,1,0
BRDA:89,15,0,38
BRDA:89,15,1,0
BRDA:89,16,0,0
BRDA:89,16,1,0
BRDA:110,17,0,0
BRDA:110,17,1,8
BRDA:115,18,0,8
BRDA:115,18,1,0
BRDA:123,19,0,7
BRDA:123,19,1,1
BRDA:125,20,0,0
BRDA:125,20,1,1
BRDA:131,21,0,1
BRDA:131,21,1,0
BRDA:144,22,0,22
BRDA:144,22,1,10
BRDA:153,23,0,0
BRDA:153,23,1,5
BRDA:167,24,0,5
BRDA:167,24,1,0
BRDA:169,25,0,5
BRDA:169,25,1,0
BRDA:170,26,0,5
BRDA:170,26,1,0
BRDA:171,27,0,5
BRDA:171,27,1,0
BRDA:175,28,0,0
BRDA:175,28,1,4
BRDA:183,29,0,4
BRDA:183,29,1,0
BRDA:187,30,0,4
BRDA:187,30,1,0
BRDA:188,31,0,4
BRDA:188,31,1,0
BRDA:189,32,0,4
BRDA:189,32,1,0
BRDA:196,33,0,2
BRDA:196,33,1,2
BRDA:203,34,0,1
BRDA:203,34,1,0
BRDA:233,35,0,29
BRDA:233,35,1,2
BRDA:239,36,0,29
BRDA:239,36,1,4
BRDA:245,37,0,9
BRDA:245,37,1,20
BRDA:249,38,0,2
BRDA:249,38,1,18
BRDA:273,39,0,18
BRDA:273,39,1,2
BRDA:307,40,0,20
BRDA:307,40,1,16
BRDA:319,41,0,20
BRDA:319,41,1,16
BRDA:337,42,0,18
BRDA:337,42,1,0
BRDA:376,43,0,18
BRDA:376,43,1,0
BRDA:383,44,0,18
BRDA:383,44,1,14
BRDA:384,45,0,18
BRDA:384,45,1,2
BRDA:385,46,0,18
BRDA:385,46,1,2
BRDA:392,47,0,18
BRDA:392,47,1,14
BRDA:396,48,0,5
BRDA:396,48,1,13
BRDA:400,49,0,18
BRDA:400,49,1,14
BRDA:404,50,0,5
BRDA:404,50,1,13
BRF:102
BRH:75
end_of_record
TN:
SF:src/pages/PetListScreen.tsx
FN:31,(anonymous_0)
FN:42,(anonymous_1)
FN:70,(anonymous_2)
FN:75,(anonymous_3)
FN:100,(anonymous_4)
FN:108,(anonymous_5)
FN:123,(anonymous_6)
FN:151,(anonymous_7)
FN:175,(anonymous_8)
FNF:9
FNH:7
FNDA:17,(anonymous_0)
FNDA:9,(anonymous_1)
FNDA:8,(anonymous_2)
FNDA:1,(anonymous_3)
FNDA:1,(anonymous_4)
FNDA:0,(anonymous_5)
FNDA:0,(anonymous_6)
FNDA:9,(anonymous_7)
FNDA:1,(anonymous_8)
DA:31,1
DA:32,17
DA:33,17
DA:34,17
DA:35,17
DA:38,17
DA:39,17
DA:40,17
DA:42,17
DA:43,9
DA:44,9
DA:45,9
DA:46,9
DA:47,9
DA:48,9
DA:49,9
DA:51,9
DA:52,9
DA:54,7
DA:55,1
DA:57,6
DA:58,6
DA:60,2
DA:61,2
DA:63,0
DA:66,8
DA:70,17
DA:71,8
DA:75,17
DA:76,1
DA:77,1
DA:80,17
DA:100,1
DA:108,0
DA:123,0
DA:152,9
DA:175,1
LF:37
LH:34
BRDA:47,0,0,1
BRDA:47,0,1,8
BRDA:48,1,0,0
BRDA:48,1,1,9
BRDA:49,2,0,0
BRDA:49,2,1,9
BRDA:51,3,0,1
BRDA:51,3,1,8
BRDA:54,4,0,1
BRDA:54,4,1,6
BRDA:60,5,0,2
BRDA:60,5,1,0
BRDA:137,6,0,9
BRDA:137,6,1,8
BRDA:141,7,0,2
BRDA:141,7,1,6
BRDA:145,8,0,1
BRDA:145,8,1,5
BRDA:155,9,0,9
BRDA:155,9,1,9
BRF:20
BRH:17
end_of_record
TN:
SF:src/pages/PetReviewScreen.tsx
FN:49,PetReviewsPage
FN:59,(anonymous_1)
FN:60,(anonymous_2)
FN:90,(anonymous_3)
FN:93,(anonymous_4)
FN:103,(anonymous_5)
FN:106,(anonymous_6)
FN:129,(anonymous_7)
FN:135,(anonymous_8)
FN:136,(anonymous_9)
FN:143,(anonymous_10)
FN:198,(anonymous_11)
FN:203,(anonymous_12)
FN:269,(anonymous_13)
FNF:14
FNH:14
FNDA:12,PetReviewsPage
FNDA:5,(anonymous_1)
FNDA:5,(anonymous_2)
FNDA:8,(anonymous_3)
FNDA:4,(anonymous_4)
FNDA:4,(anonymous_5)
FNDA:4,(anonymous_6)
FNDA:11,(anonymous_7)
FNDA:11,(anonymous_8)
FNDA:8,(anonymous_9)
FNDA:6,(anonymous_10)
FNDA:1,(anonymous_11)
FNDA:10,(anonymous_12)
FNDA:3,(anonymous_13)
DA:44,1
DA:50,12
DA:51,12
DA:53,12
DA:54,12
DA:59,12
DA:60,5
DA:61,5
DA:62,5
DA:64,5
DA:66,4
DA:67,1
DA:70,3
DA:72,3
DA:74,1
DA:80,4
DA:84,5
DA:90,12
DA:91,8
DA:93,8
DA:94,4
DA:95,4
DA:98,4
DA:101,8
DA:103,8
DA:104,4
DA:106,4
DA:107,4
DA:111,4
DA:113,4
DA:123,8
DA:129,12
DA:130,11
DA:131,2
DA:135,12
DA:136,11
DA:143,12
DA:144,6
DA:145,0
DA:146,0
DA:152,12
DA:199,1
DA:204,10
DA:270,3
LF:44
LH:42
BRDA:44,0,0,1
BRDA:44,0,1,0
BRDA:66,1,0,1
BRDA:66,1,1,3
BRDA:75,2,0,1
BRDA:75,2,1,0
BRDA:94,3,0,4
BRDA:94,3,1,0
BRDA:130,4,0,2
BRDA:130,4,1,9
BRDA:130,5,0,11
BRDA:130,5,1,5
BRDA:144,6,0,6
BRDA:144,6,1,0
BRDA:145,7,0,0
BRDA:145,7,1,0
BRDA:169,8,0,12
BRDA:169,8,1,5
BRDA:176,9,0,12
BRDA:176,9,1,1
BRDA:183,10,0,12
BRDA:183,10,1,7
BRDA:183,10,2,6
BRDA:183,10,3,1
BRDA:190,11,0,12
BRDA:190,11,1,5
BRDA:197,12,0,5
BRDA:197,12,1,2
BRDA:216,13,0,12
BRDA:216,13,1,3
BRDA:221,14,0,0
BRDA:221,14,1,3
BRDA:240,15,0,3
BRDA:240,15,1,0
BRDA:267,16,0,12
BRDA:267,16,1,3
BRDA:308,17,0,3
BRDA:308,17,1,3
BRF:38
BRH:30
end_of_record
TN:
SF:src/pages/RegisterScreen.tsx
FN:4,RegisterScreen
FN:17,(anonymous_1)
FN:21,(anonymous_2)
FNF:3
FNH:3
FNDA:192,RegisterScreen
FNDA:182,(anonymous_1)
FNDA:5,(anonymous_2)
DA:5,192
DA:14,192
DA:15,192
DA:17,192
DA:18,182
DA:21,192
DA:22,5
DA:23,5
DA:25,5
DA:26,5
DA:28,5
DA:29,1
DA:32,5
DA:33,1
DA:36,5
DA:37,2
DA:38,2
DA:41,3
DA:42,3
DA:54,2
DA:55,1
DA:56,1
DA:57,1
DA:58,1
DA:60,0
DA:63,1
DA:67,192
LF:27
LH:26
BRDA:25,0,0,1
BRDA:25,0,1,4
BRDA:26,1,0,1
BRDA:26,1,1,4
BRDA:28,2,0,1
BRDA:28,2,1,4
BRDA:32,3,0,1
BRDA:32,3,1,4
BRDA:36,4,0,2
BRDA:36,4,1,3
BRDA:42,5,0,3
BRDA:42,5,1,0
BRDA:54,6,0,1
BRDA:54,6,1,1
BRDA:57,7,0,1
BRDA:57,7,1,0
BRDA:57,8,0,1
BRDA:57,8,1,0
BRDA:57,8,2,0
BRDA:83,9,0,1
BRDA:83,9,1,191
BRDA:87,10,0,192
BRDA:87,10,1,1
BRDA:97,11,0,2
BRDA:97,11,1,190
BRDA:101,12,0,192
BRDA:101,12,1,2
BRDA:111,13,0,1
BRDA:111,13,1,191
BRDA:115,14,0,192
BRDA:115,14,1,1
BRDA:125,15,0,1
BRDA:125,15,1,191
BRDA:129,16,0,192
BRDA:129,16,1,1
BRF:35
BRH:31
end_of_record
