TN:
SF:src/constants/breeds.ts
FNF:0
FNH:0
DA:1,1
LF:1
LH:1
BRF:0
BRH:0
end_of_record
TN:
SF:src/pages/AdoptionRequestScreen.tsx
FN:24,AdoptionRequestScreen
FN:42,(anonymous_1)
FN:43,(anonymous_2)
FN:55,(anonymous_3)
FN:77,(anonymous_4)
FN:78,(anonymous_5)
FN:85,(anonymous_6)
FN:136,(anonymous_7)
FN:145,(anonymous_8)
FN:215,(anonymous_9)
FN:243,(anonymous_10)
FN:257,(anonymous_11)
FNF:12
FNH:10
FNDA:29,AdoptionRequestScreen
FNDA:3,(anonymous_1)
FNDA:3,(anonymous_2)
FNDA:2,(anonymous_3)
FNDA:5,(anonymous_4)
FNDA:2,(anonymous_5)
FNDA:2,(anonymous_6)
FNDA:29,(anonymous_7)
FNDA:26,(anonymous_8)
FNDA:0,(anonymous_9)
FNDA:21,(anonymous_10)
FNDA:0,(anonymous_11)
DA:22,1
DA:25,29
DA:28,29
DA:29,29
DA:32,29
DA:33,29
DA:34,29
DA:35,29
DA:36,29
DA:39,29
DA:42,29
DA:43,3
DA:44,3
DA:45,3
DA:46,3
DA:48,3
DA:49,0
DA:52,3
DA:55,3
DA:56,2
DA:59,3
DA:62,3
DA:63,2
DA:66,0
DA:67,0
DA:69,3
DA:73,3
DA:77,29
DA:78,5
DA:82,29
DA:85,29
DA:86,2
DA:88,2
DA:89,2
DA:91,2
DA:92,0
DA:93,0
DA:96,2
DA:97,1
DA:98,1
DA:101,1
DA:102,1
DA:104,1
DA:117,1
DA:118,0
DA:121,1
DA:122,1
DA:126,0
DA:132,1
DA:136,29
DA:137,29
DA:138,3
DA:141,26
DA:142,0
DA:145,26
DA:146,26
DA:152,29
DA:215,0
DA:243,21
DA:257,0
LF:60
LH:50
BRDA:22,0,0,1
BRDA:22,0,1,0
BRDA:48,1,0,0
BRDA:48,1,1,3
BRDA:56,2,0,2
BRDA:56,2,1,0
BRDA:62,3,0,2
BRDA:62,3,1,1
BRDA:91,4,0,0
BRDA:91,4,1,2
BRDA:91,5,0,2
BRDA:91,5,1,2
BRDA:96,6,0,1
BRDA:96,6,1,1
BRDA:117,7,0,0
BRDA:117,7,1,1
BRDA:127,8,0,0
BRDA:127,8,1,0
BRDA:137,9,0,3
BRDA:137,9,1,26
BRDA:141,10,0,0
BRDA:141,10,1,26
BRDA:147,11,0,26
BRDA:147,11,1,2
BRDA:172,12,0,3
BRDA:172,12,1,26
BRDA:172,13,0,26
BRDA:172,13,1,0
BRDA:178,14,0,29
BRDA:178,14,1,5
BRDA:183,15,0,29
BRDA:183,15,1,29
BRDA:183,15,2,29
BRDA:187,16,0,29
BRDA:187,16,1,5
BRDA:191,17,0,29
BRDA:191,17,1,29
BRDA:195,18,0,26
BRDA:195,18,1,3
BRDA:216,19,0,29
BRDA:216,19,1,26
BRDA:249,20,0,29
BRDA:249,20,1,1
BRDA:265,21,0,29
BRDA:265,21,1,1
BRDA:276,22,0,29
BRDA:276,22,1,28
BRDA:279,23,0,1
BRDA:279,23,1,28
BRF:49
BRH:40
end_of_record
TN:
SF:src/pages/CreatePetScreen.tsx
FN:23,CreatePetScreen
FN:49,(anonymous_1)
FN:58,(anonymous_2)
FN:74,(anonymous_3)
FN:79,(anonymous_4)
FN:132,(anonymous_5)
FN:147,(anonymous_6)
FN:169,(anonymous_7)
FN:329,(anonymous_8)
FN:451,(anonymous_9)
FNF:10
FNH:5
FNDA:103,CreatePetScreen
FNDA:96,(anonymous_1)
FNDA:96,(anonymous_2)
FNDA:0,(anonymous_3)
FNDA:3,(anonymous_4)
FNDA:0,(anonymous_5)
FNDA:0,(anonymous_6)
FNDA:0,(anonymous_7)
FNDA:7719,(anonymous_8)
FNDA:0,(anonymous_9)
DA:24,103
DA:27,103
DA:45,103
DA:46,103
DA:49,103
DA:52,96
DA:55,96
DA:56,96
DA:58,96
DA:59,96
DA:61,96
DA:62,2
DA:63,2
DA:64,2
DA:67,96
DA:68,2
DA:70,96
DA:73,96
DA:74,0
DA:79,103
DA:80,3
DA:81,3
DA:83,3
DA:84,3
DA:85,3
DA:87,3
DA:88,3
DA:89,3
DA:91,3
DA:92,3
DA:93,0
DA:96,3
DA:97,3
DA:99,3
DA:100,1
DA:101,1
DA:104,2
DA:105,2
DA:106,3
DA:108,3
DA:123,3
DA:129,2
DA:130,2
DA:132,0
DA:133,0
DA:134,0
DA:137,0
DA:138,0
DA:142,103
DA:147,0
DA:169,0
DA:330,7719
DA:451,0
LF:53
LH:43
BRDA:56,0,0,3
BRDA:56,0,1,93
BRDA:61,1,0,2
BRDA:61,1,1,94
BRDA:67,2,0,2
BRDA:67,2,1,94
BRDA:73,3,0,0
BRDA:73,3,1,96
BRDA:83,4,0,1
BRDA:83,4,1,2
BRDA:84,5,0,1
BRDA:84,5,1,2
BRDA:85,6,0,0
BRDA:85,6,1,3
BRDA:85,7,0,3
BRDA:85,7,1,0
BRDA:87,8,0,1
BRDA:87,8,1,2
BRDA:88,9,0,1
BRDA:88,9,1,2
BRDA:89,10,0,1
BRDA:89,10,1,2
BRDA:91,11,0,1
BRDA:91,11,1,2
BRDA:91,12,0,3
BRDA:91,12,1,3
BRDA:92,13,0,0
BRDA:92,13,1,3
BRDA:92,14,0,3
BRDA:92,14,1,3
BRDA:92,14,2,0
BRDA:96,15,0,1
BRDA:96,15,1,2
BRDA:97,16,0,1
BRDA:97,16,1,2
BRDA:99,17,0,1
BRDA:99,17,1,2
BRDA:105,18,0,0
BRDA:105,18,1,2
BRDA:106,19,0,0
BRDA:106,19,1,2
BRDA:106,20,0,3
BRDA:106,20,1,2
BRDA:123,21,0,3
BRDA:123,21,1,0
BRDA:129,22,0,2
BRDA:129,22,1,0
BRDA:158,23,0,2
BRDA:158,23,1,101
BRDA:191,24,0,1
BRDA:191,24,1,100
BRDA:195,25,0,101
BRDA:195,25,1,1
BRDA:208,26,0,1
BRDA:208,26,1,100
BRDA:216,27,0,101
BRDA:216,27,1,1
BRDA:218,28,0,101
BRDA:218,28,1,0
BRDA:229,29,0,0
BRDA:229,29,1,0
BRDA:233,30,0,0
BRDA:233,30,1,0
BRDA:248,31,0,1
BRDA:248,31,1,100
BRDA:256,32,0,101
BRDA:256,32,1,1
BRDA:268,33,0,1
BRDA:268,33,1,100
BRDA:275,34,0,101
BRDA:275,34,1,1
BRDA:287,35,0,1
BRDA:287,35,1,100
BRDA:296,36,0,101
BRDA:296,36,1,1
BRDA:303,37,0,0
BRDA:303,37,1,101
BRDA:311,38,0,0
BRDA:311,38,1,0
BRDA:315,39,0,0
BRDA:315,39,1,0
BRDA:325,40,0,1
BRDA:325,40,1,100
BRDA:329,41,0,101
BRDA:329,41,1,83
BRDA:333,42,0,101
BRDA:333,42,1,1
BRDA:334,43,0,101
BRDA:334,43,1,18
BRDA:336,44,0,101
BRDA:336,44,1,0
BRDA:347,45,0,0
BRDA:347,45,1,0
BRDA:351,46,0,0
BRDA:351,46,1,0
BRDA:410,47,0,1
BRDA:410,47,1,100
BRDA:414,48,0,101
BRDA:414,48,1,1
BRDA:438,49,0,1
BRDA:438,49,1,100
BRDA:445,50,0,101
BRDA:445,50,1,1
BRF:103
BRH:79
end_of_record
TN:
SF:src/pages/CreateReviewScreen.tsx
FN:44,CreateReviewScreen
FN:73,(anonymous_1)
FN:74,(anonymous_2)
FN:90,(anonymous_3)
FN:131,(anonymous_4)
FN:132,(anonymous_5)
FN:154,(anonymous_6)
FN:155,(anonymous_7)
FN:160,(anonymous_8)
FN:224,(anonymous_9)
FN:230,(anonymous_10)
FN:239,(anonymous_11)
FN:248,(anonymous_12)
FN:263,(anonymous_13)
FN:329,(anonymous_14)
FN:352,(anonymous_15)
FN:381,(anonymous_16)
FN:465,(anonymous_17)
FNF:18
FNH:16
FNDA:52,CreateReviewScreen
FNDA:12,(anonymous_1)
FNDA:12,(anonymous_2)
FNDA:5,(anonymous_3)
FNDA:12,(anonymous_4)
FNDA:12,(anonymous_5)
FNDA:19,(anonymous_6)
FNDA:4,(anonymous_7)
FNDA:3,(anonymous_8)
FNDA:55,(anonymous_9)
FNDA:36,(anonymous_10)
FNDA:52,(anonymous_11)
FNDA:36,(anonymous_12)
FNDA:0,(anonymous_13)
FNDA:0,(anonymous_14)
FNDA:2,(anonymous_15)
FNDA:25,(anonymous_16)
FNDA:3,(anonymous_17)
DA:42,1
DA:45,52
DA:48,52
DA:49,52
DA:52,52
DA:53,52
DA:54,52
DA:55,52
DA:56,52
DA:57,52
DA:60,52
DA:61,52
DA:64,52
DA:66,52
DA:73,52
DA:74,12
DA:75,12
DA:76,12
DA:77,12
DA:79,12
DA:80,0
DA:83,12
DA:86,12
DA:89,12
DA:92,5
DA:93,2
DA:94,2
DA:95,2
DA:96,2
DA:102,5
DA:111,12
DA:113,12
DA:114,4
DA:117,0
DA:118,0
DA:122,12
DA:126,12
DA:131,52
DA:132,12
DA:133,12
DA:134,12
DA:135,12
DA:137,12
DA:138,0
DA:141,12
DA:142,12
DA:144,0
DA:146,12
DA:150,12
DA:154,52
DA:155,19
DA:160,52
DA:161,3
DA:162,3
DA:163,3
DA:165,3
DA:166,0
DA:169,0
DA:172,3
DA:173,0
DA:174,0
DA:177,3
DA:178,1
DA:179,1
DA:182,2
DA:183,2
DA:185,2
DA:199,2
DA:200,1
DA:203,1
DA:204,1
DA:205,1
DA:208,1
DA:209,1
DA:210,1
DA:213,1
DA:219,2
DA:224,52
DA:225,55
DA:226,32
DA:227,0
DA:230,52
DA:231,36
DA:232,23
DA:233,12
DA:234,1
DA:235,0
DA:239,52
DA:240,52
DA:241,14
DA:244,38
DA:245,3
DA:248,35
DA:249,36
DA:257,52
DA:263,0
DA:329,0
DA:352,2
DA:381,25
DA:466,3
LF:100
LH:87
BRDA:42,0,0,1
BRDA:42,0,1,0
BRDA:79,1,0,0
BRDA:79,1,1,12
BRDA:86,2,0,4
BRDA:86,2,1,8
BRDA:92,3,0,2
BRDA:92,3,1,3
BRDA:95,4,0,2
BRDA:95,4,1,0
BRDA:113,5,0,4
BRDA:113,5,1,8
BRDA:137,6,0,0
BRDA:137,6,1,12
BRDA:165,7,0,0
BRDA:165,7,1,3
BRDA:165,8,0,3
BRDA:165,8,1,3
BRDA:172,9,0,0
BRDA:172,9,1,3
BRDA:172,10,0,3
BRDA:172,10,1,3
BRDA:177,11,0,1
BRDA:177,11,1,2
BRDA:199,12,0,1
BRDA:199,12,1,1
BRDA:209,13,0,1
BRDA:209,13,1,0
BRDA:214,14,0,1
BRDA:214,14,1,0
BRDA:225,15,0,23
BRDA:225,15,1,32
BRDA:226,16,0,32
BRDA:226,16,1,0
BRDA:231,17,0,23
BRDA:231,17,1,12
BRDA:231,17,2,1
BRDA:231,17,3,0
BRDA:240,18,0,14
BRDA:240,18,1,38
BRDA:244,19,0,3
BRDA:244,19,1,35
BRDA:251,20,0,2
BRDA:251,20,1,34
BRDA:252,21,0,36
BRDA:252,21,1,0
BRDA:285,22,0,0
BRDA:285,22,1,52
BRDA:297,23,0,14
BRDA:297,23,1,38
BRDA:299,24,0,38
BRDA:299,24,1,37
BRDA:302,25,0,52
BRDA:302,25,1,51
BRDA:304,26,0,52
BRDA:304,26,1,35
BRDA:330,27,0,52
BRDA:330,27,1,38
BRDA:404,28,0,52
BRDA:404,28,1,1
BRDA:423,29,0,52
BRDA:423,29,1,2
BRDA:443,30,0,52
BRDA:443,30,1,50
BRDA:446,31,0,2
BRDA:446,31,1,50
BRDA:457,32,0,14
BRDA:457,32,1,38
BRDA:459,33,0,36
BRDA:459,33,1,2
BRDA:473,34,0,3
BRDA:473,34,1,1
BRDA:474,35,0,1
BRDA:474,35,1,0
BRDA:477,36,0,3
BRDA:477,36,1,3
BRF:76
BRH:63
end_of_record
TN:
SF:src/pages/CreateShelterScreen.tsx
FN:19,CreateShelterScreen
FN:38,(anonymous_1)
FN:43,(anonymous_2)
FN:46,(anonymous_3)
FN:50,(anonymous_4)
FN:108,(anonymous_5)
FN:132,(anonymous_6)
FN:316,(anonymous_7)
FNF:8
FNH:4
FNDA:69,CreateShelterScreen
FNDA:64,(anonymous_1)
FNDA:64,(anonymous_2)
FNDA:0,(anonymous_3)
FNDA:2,(anonymous_4)
FNDA:0,(anonymous_5)
FNDA:0,(anonymous_6)
FNDA:0,(anonymous_7)
DA:4,1
DA:20,69
DA:22,69
DA:35,69
DA:36,69
DA:38,69
DA:41,64
DA:43,64
DA:45,64
DA:46,0
DA:50,69
DA:51,2
DA:52,2
DA:54,2
DA:55,2
DA:56,2
DA:57,2
DA:58,2
DA:60,2
DA:61,1
DA:62,1
DA:63,0
DA:66,2
DA:67,1
DA:68,1
DA:71,1
DA:72,1
DA:84,1
DA:92,1
DA:93,1
DA:95,0
DA:98,0
DA:99,0
DA:103,69
DA:108,0
DA:132,0
DA:316,0
LF:37
LH:29
BRDA:4,0,0,1
BRDA:4,0,1,0
BRDA:45,1,0,0
BRDA:45,1,1,64
BRDA:54,2,0,1
BRDA:54,2,1,1
BRDA:55,3,0,1
BRDA:55,3,1,1
BRDA:56,4,0,1
BRDA:56,4,1,1
BRDA:57,5,0,1
BRDA:57,5,1,1
BRDA:58,6,0,1
BRDA:58,6,1,1
BRDA:60,7,0,1
BRDA:60,7,1,1
BRDA:62,8,0,0
BRDA:62,8,1,1
BRDA:66,9,0,1
BRDA:66,9,1,1
BRDA:92,10,0,1
BRDA:92,10,1,0
BRDA:119,11,0,1
BRDA:119,11,1,68
BRDA:153,12,0,1
BRDA:153,12,1,67
BRDA:157,13,0,68
BRDA:157,13,1,1
BRDA:171,14,0,1
BRDA:171,14,1,67
BRDA:176,15,0,68
BRDA:176,15,1,1
BRDA:190,16,0,1
BRDA:190,16,1,67
BRDA:194,17,0,68
BRDA:194,17,1,1
BRDA:208,18,0,1
BRDA:208,18,1,67
BRDA:212,19,0,68
BRDA:212,19,1,1
BRDA:241,20,0,1
BRDA:241,20,1,67
BRDA:245,21,0,68
BRDA:245,21,1,1
BRDA:259,22,0,1
BRDA:259,22,1,67
BRDA:263,23,0,68
BRDA:263,23,1,1
BRF:48
BRH:44
end_of_record
TN:
SF:src/pages/LoginScreen.tsx
FN:4,LoginScreen
FN:11,(anonymous_1)
FN:62,(anonymous_2)
FN:87,(anonymous_3)
FN:89,(anonymous_4)
FN:106,(anonymous_5)
FN:108,(anonymous_6)
FNF:7
FNH:4
FNDA:60,LoginScreen
FNDA:5,(anonymous_1)
FNDA:0,(anonymous_2)
FNDA:30,(anonymous_3)
FNDA:0,(anonymous_4)
FNDA:18,(anonymous_5)
FNDA:0,(anonymous_6)
DA:5,60
DA:7,60
DA:8,60
DA:9,60
DA:11,60
DA:12,5
DA:13,5
DA:15,5
DA:16,2
DA:17,3
DA:18,1
DA:21,5
DA:22,2
DA:23,3
DA:24,1
DA:27,5
DA:28,3
DA:29,3
DA:32,2
DA:34,2
DA:35,2
DA:44,2
DA:45,1
DA:46,1
DA:47,1
DA:49,0
DA:52,0
DA:53,0
DA:57,60
DA:62,0
DA:88,30
DA:89,30
DA:107,18
DA:108,18
LF:34
LH:30
BRDA:15,0,0,2
BRDA:15,0,1,3
BRDA:17,1,0,1
BRDA:17,1,1,2
BRDA:21,2,0,2
BRDA:21,2,1,3
BRDA:23,3,0,1
BRDA:23,3,1,2
BRDA:27,4,0,3
BRDA:27,4,1,2
BRDA:35,5,0,2
BRDA:35,5,1,0
BRDA:44,6,0,1
BRDA:44,6,1,1
BRDA:46,7,0,1
BRDA:46,7,1,0
BRDA:46,8,0,1
BRDA:46,8,1,0
BRDA:74,9,0,60
BRDA:74,9,1,1
BRDA:89,10,0,0
BRDA:89,10,1,30
BRDA:91,11,0,3
BRDA:91,11,1,57
BRDA:95,12,0,60
BRDA:95,12,1,3
BRDA:108,13,0,0
BRDA:108,13,1,18
BRDA:110,14,0,3
BRDA:110,14,1,57
BRDA:114,15,0,60
BRDA:114,15,1,3
BRF:32
BRH:27
end_of_record
TN:
SF:src/pages/ManageAdoptionRequestsScreen.tsx
FN:36,normalizeStatus
FN:44,getStatusLabel
FN:52,getStatusClasses
FN:66,formatDate
FN:80,getAdopterName
FN:84,getAdopterEmail
FN:88,getPetName
FN:92,ManageAdoptionRequestsScreen
FN:102,(anonymous_8)
FN:103,(anonymous_9)
FN:119,(anonymous_10)
FN:143,(anonymous_11)
FN:144,(anonymous_12)
FN:148,(anonymous_13)
FN:152,(anonymous_14)
FN:181,(anonymous_15)
FN:182,(anonymous_16)
FN:220,(anonymous_17)
FN:264,(anonymous_18)
FN:277,(anonymous_19)
FN:308,(anonymous_20)
FN:320,(anonymous_21)
FN:393,(anonymous_22)
FN:401,(anonymous_23)
FNF:24
FNH:20
FNDA:62,normalizeStatus
FNDA:14,getStatusLabel
FNDA:21,getStatusClasses
FNDA:14,formatDate
FNDA:14,getAdopterName
FNDA:14,getAdopterEmail
FNDA:14,getPetName
FNDA:10,ManageAdoptionRequestsScreen
FNDA:3,(anonymous_8)
FNDA:3,(anonymous_9)
FNDA:3,(anonymous_10)
FNDA:8,(anonymous_11)
FNDA:5,(anonymous_12)
FNDA:7,(anonymous_13)
FNDA:2,(anonymous_14)
FNDA:2,(anonymous_15)
FNDA:2,(anonymous_16)
FNDA:0,(anonymous_17)
FNDA:7,(anonymous_18)
FNDA:0,(anonymous_19)
FNDA:0,(anonymous_20)
FNDA:0,(anonymous_21)
FNDA:1,(anonymous_22)
FNDA:1,(anonymous_23)
DA:4,1
DA:37,62
DA:39,62
DA:40,54
DA:41,46
DA:45,14
DA:47,14
DA:48,12
DA:49,10
DA:53,21
DA:55,21
DA:56,3
DA:59,18
DA:60,3
DA:63,15
DA:67,14
DA:69,14
DA:71,14
DA:73,14
DA:81,14
DA:85,14
DA:89,14
DA:93,10
DA:95,10
DA:96,10
DA:97,10
DA:98,10
DA:99,10
DA:100,10
DA:102,10
DA:103,3
DA:104,3
DA:105,3
DA:106,3
DA:108,3
DA:110,3
DA:111,0
DA:114,3
DA:115,3
DA:117,3
DA:119,3
DA:120,3
DA:123,3
DA:124,3
DA:125,0
DA:126,0
DA:129,0
DA:130,0
DA:136,3
DA:140,3
DA:143,10
DA:144,8
DA:148,10
DA:149,7
DA:152,10
DA:153,2
DA:155,2
DA:156,2
DA:157,2
DA:159,2
DA:160,2
DA:175,2
DA:176,0
DA:179,2
DA:181,2
DA:182,2
DA:183,2
DA:195,2
DA:201,0
DA:202,0
DA:208,2
DA:212,10
DA:213,10
DA:215,10
DA:220,0
DA:265,7
DA:266,7
DA:267,7
DA:269,7
DA:278,0
DA:279,0
DA:280,0
DA:309,0
DA:310,0
DA:311,0
DA:321,0
DA:322,0
DA:323,0
DA:393,1
DA:401,1
LF:90
LH:72
BRDA:4,0,0,1
BRDA:4,0,1,0
BRDA:37,1,0,62
BRDA:37,1,1,3
BRDA:39,2,0,8
BRDA:39,2,1,54
BRDA:39,3,0,62
BRDA:39,3,1,54
BRDA:40,4,0,8
BRDA:40,4,1,46
BRDA:40,5,0,54
BRDA:40,5,1,46
BRDA:47,6,0,2
BRDA:47,6,1,12
BRDA:48,7,0,2
BRDA:48,7,1,10
BRDA:55,8,0,3
BRDA:55,8,1,18
BRDA:59,9,0,3
BRDA:59,9,1,15
BRDA:67,10,0,0
BRDA:67,10,1,14
BRDA:71,11,0,0
BRDA:71,11,1,14
BRDA:81,12,0,14
BRDA:81,12,1,0
BRDA:81,13,0,0
BRDA:81,13,1,0
BRDA:85,14,0,14
BRDA:85,14,1,0
BRDA:89,15,0,14
BRDA:89,15,1,0
BRDA:89,16,0,0
BRDA:89,16,1,0
BRDA:110,17,0,0
BRDA:110,17,1,3
BRDA:115,18,0,3
BRDA:115,18,1,0
BRDA:123,19,0,3
BRDA:123,19,1,0
BRDA:125,20,0,0
BRDA:125,20,1,0
BRDA:131,21,0,0
BRDA:131,21,1,0
BRDA:144,22,0,8
BRDA:144,22,1,3
BRDA:153,23,0,0
BRDA:153,23,1,2
BRDA:167,24,0,2
BRDA:167,24,1,0
BRDA:169,25,0,2
BRDA:169,25,1,0
BRDA:170,26,0,2
BRDA:170,26,1,0
BRDA:171,27,0,2
BRDA:171,27,1,0
BRDA:175,28,0,0
BRDA:175,28,1,2
BRDA:183,29,0,2
BRDA:183,29,1,0
BRDA:187,30,0,2
BRDA:187,30,1,0
BRDA:188,31,0,2
BRDA:188,31,1,0
BRDA:189,32,0,2
BRDA:189,32,1,0
BRDA:196,33,0,1
BRDA:196,33,1,1
BRDA:203,34,0,0
BRDA:203,34,1,0
BRDA:233,35,0,10
BRDA:233,35,1,0
BRDA:239,36,0,10
BRDA:239,36,1,2
BRDA:245,37,0,3
BRDA:245,37,1,7
BRDA:249,38,0,0
BRDA:249,38,1,7
BRDA:273,39,0,7
BRDA:273,39,1,0
BRDA:307,40,0,7
BRDA:307,40,1,5
BRDA:319,41,0,7
BRDA:319,41,1,5
BRDA:337,42,0,7
BRDA:337,42,1,0
BRDA:376,43,0,7
BRDA:376,43,1,0
BRDA:383,44,0,7
BRDA:383,44,1,5
BRDA:384,45,0,7
BRDA:384,45,1,1
BRDA:385,46,0,7
BRDA:385,46,1,1
BRDA:392,47,0,7
BRDA:392,47,1,5
BRDA:396,48,0,2
BRDA:396,48,1,5
BRDA:400,49,0,7
BRDA:400,49,1,5
BRDA:404,50,0,2
BRDA:404,50,1,5
BRF:102
BRH:68
end_of_record
TN:
SF:src/pages/RegisterScreen.tsx
FN:4,RegisterScreen
FN:17,(anonymous_1)
FN:21,(anonymous_2)
FNF:3
FNH:3
FNDA:192,RegisterScreen
FNDA:182,(anonymous_1)
FNDA:5,(anonymous_2)
DA:5,192
DA:14,192
DA:15,192
DA:17,192
DA:18,182
DA:21,192
DA:22,5
DA:23,5
DA:25,5
DA:26,5
DA:28,5
DA:29,1
DA:32,5
DA:33,1
DA:36,5
DA:37,2
DA:38,2
DA:41,3
DA:42,3
DA:54,2
DA:55,1
DA:56,1
DA:57,1
DA:58,1
DA:60,0
DA:63,1
DA:67,192
LF:27
LH:26
BRDA:25,0,0,1
BRDA:25,0,1,4
BRDA:26,1,0,1
BRDA:26,1,1,4
BRDA:28,2,0,1
BRDA:28,2,1,4
BRDA:32,3,0,1
BRDA:32,3,1,4
BRDA:36,4,0,2
BRDA:36,4,1,3
BRDA:42,5,0,3
BRDA:42,5,1,0
BRDA:54,6,0,1
BRDA:54,6,1,1
BRDA:57,7,0,1
BRDA:57,7,1,0
BRDA:57,8,0,1
BRDA:57,8,1,0
BRDA:57,8,2,0
BRDA:83,9,0,1
BRDA:83,9,1,191
BRDA:87,10,0,192
BRDA:87,10,1,1
BRDA:97,11,0,2
BRDA:97,11,1,190
BRDA:101,12,0,192
BRDA:101,12,1,2
BRDA:111,13,0,1
BRDA:111,13,1,191
BRDA:115,14,0,192
BRDA:115,14,1,1
BRDA:125,15,0,1
BRDA:125,15,1,191
BRDA:129,16,0,192
BRDA:129,16,1,1
BRF:35
BRH:31
end_of_record
